<?xml version="1.0" encoding="UTF-8"?>
<testsuite name="com.jojoldu.book.springboot.config.web.IndexControllerTest" tests="1" skipped="0" failures="0" errors="0" timestamp="2022-04-16T10:21:40" hostname="JCui-Macmini.local" time="0.1">
  <properties/>
  <testcase name="메인페이지_로딩()" classname="com.jojoldu.book.springboot.config.web.IndexControllerTest" time="0.1"/>
  <system-out><![CDATA[2022-04-16 19:21:38.593  INFO 5573 --- [    Test worker] .b.t.c.SpringBootTestContextBootstrapper : Neither @ContextConfiguration nor @ContextHierarchy found for test class [com.jojoldu.book.springboot.config.web.IndexControllerTest], using SpringBootContextLoader
2022-04-16 19:21:38.593  INFO 5573 --- [    Test worker] o.s.t.c.support.AbstractContextLoader    : Could not detect default resource locations for test class [com.jojoldu.book.springboot.config.web.IndexControllerTest]: no resource found for suffixes {-context.xml, Context.groovy}.
2022-04-16 19:21:38.594  INFO 5573 --- [    Test worker] t.c.s.AnnotationConfigContextLoaderUtils : Could not detect default configuration classes for test class [com.jojoldu.book.springboot.config.web.IndexControllerTest]: IndexControllerTest does not declare any static, non-private, non-final, nested classes annotated with @Configuration.
2022-04-16 19:21:38.595  INFO 5573 --- [    Test worker] .b.t.c.SpringBootTestContextBootstrapper : Found @SpringBootConfiguration com.jojoldu.book.springboot.Application for test class com.jojoldu.book.springboot.config.web.IndexControllerTest
2022-04-16 19:21:38.597  INFO 5573 --- [    Test worker] .b.t.c.SpringBootTestContextBootstrapper : Loaded default TestExecutionListener class names from location [META-INF/spring.factories]: [org.springframework.security.test.context.support.WithSecurityContextTestExecutionListener, org.springframework.security.test.context.support.ReactorContextTestExecutionListener, org.springframework.boot.test.autoconfigure.restdocs.RestDocsTestExecutionListener, org.springframework.boot.test.autoconfigure.web.client.MockRestServiceServerResetTestExecutionListener, org.springframework.boot.test.autoconfigure.web.servlet.MockMvcPrintOnlyOnFailureTestExecutionListener, org.springframework.boot.test.autoconfigure.web.servlet.WebDriverTestExecutionListener, org.springframework.boot.test.autoconfigure.webservices.client.MockWebServiceServerTestExecutionListener, org.springframework.boot.test.mock.mockito.MockitoTestExecutionListener, org.springframework.boot.test.mock.mockito.ResetMocksTestExecutionListener, org.springframework.test.context.web.ServletTestExecutionListener, org.springframework.test.context.support.DirtiesContextBeforeModesTestExecutionListener, org.springframework.test.context.support.DependencyInjectionTestExecutionListener, org.springframework.test.context.support.DirtiesContextTestExecutionListener, org.springframework.test.context.transaction.TransactionalTestExecutionListener, org.springframework.test.context.jdbc.SqlScriptsTestExecutionListener, org.springframework.test.context.event.EventPublishingTestExecutionListener]
2022-04-16 19:21:38.597  INFO 5573 --- [    Test worker] .b.t.c.SpringBootTestContextBootstrapper : Using TestExecutionListeners: [org.springframework.test.context.web.ServletTestExecutionListener@3db0d029, org.springframework.test.context.support.DirtiesContextBeforeModesTestExecutionListener@511197e1, org.springframework.boot.test.mock.mockito.MockitoTestExecutionListener@50d663ed, org.springframework.boot.test.autoconfigure.SpringBootDependencyInjectionTestExecutionListener@67f6c7e3, org.springframework.test.context.support.DirtiesContextTestExecutionListener@5c7c72ac, org.springframework.test.context.transaction.TransactionalTestExecutionListener@10f485d, org.springframework.test.context.jdbc.SqlScriptsTestExecutionListener@62259a9a, org.springframework.security.test.context.support.WithSecurityContextTestExecutionListener@33bd80e2, org.springframework.test.context.event.EventPublishingTestExecutionListener@ceb7d2b, org.springframework.security.test.context.support.ReactorContextTestExecutionListener@775d814b, org.springframework.boot.test.autoconfigure.restdocs.RestDocsTestExecutionListener@39e23470, org.springframework.boot.test.autoconfigure.web.client.MockRestServiceServerResetTestExecutionListener@6687193e, org.springframework.boot.test.autoconfigure.web.servlet.MockMvcPrintOnlyOnFailureTestExecutionListener@315222e0, org.springframework.boot.test.autoconfigure.web.servlet.WebDriverTestExecutionListener@2a9eaa58, org.springframework.boot.test.autoconfigure.webservices.client.MockWebServiceServerTestExecutionListener@2f74acf, org.springframework.boot.test.mock.mockito.ResetMocksTestExecutionListener@5c67fd46]

  .   ____          _            __ _ _
 /\\ / ___'_ __ _ _(_)_ __  __ _ \ \ \ \
( ( )\___ | '_ | '_| | '_ \/ _` | \ \ \ \
 \\/  ___)| |_)| | | | | || (_| |  ) ) ) )
  '  |____| .__|_| |_|_| |_\__, | / / / /
 =========|_|==============|___/=/_/_/_/
 :: Spring Boot ::                (v2.4.1)

2022-04-16 19:21:38.614  INFO 5573 --- [    Test worker] c.j.b.s.config.web.IndexControllerTest   : Starting IndexControllerTest using Java 1.8.0_322 on JCui-Macmini.local with PID 5573 (started by jc in /Users/jc/Documents/study/spring/jojoldu)
2022-04-16 19:21:38.614  INFO 5573 --- [    Test worker] c.j.b.s.config.web.IndexControllerTest   : No active profile set, falling back to default profiles: default
2022-04-16 19:21:38.780  INFO 5573 --- [    Test worker] .s.d.r.c.RepositoryConfigurationDelegate : Bootstrapping Spring Data JPA repositories in DEFAULT mode.
2022-04-16 19:21:38.808  INFO 5573 --- [    Test worker] .s.d.r.c.RepositoryConfigurationDelegate : Finished Spring Data repository scanning in 24 ms. Found 2 JPA repository interfaces.
2022-04-16 19:21:39.057  INFO 5573 --- [    Test worker] o.s.b.w.embedded.tomcat.TomcatWebServer  : Tomcat initialized with port(s): 0 (http)
2022-04-16 19:21:39.069  INFO 5573 --- [    Test worker] o.apache.catalina.core.StandardService   : Starting service [Tomcat]
2022-04-16 19:21:39.069  INFO 5573 --- [    Test worker] org.apache.catalina.core.StandardEngine  : Starting Servlet engine: [Apache Tomcat/9.0.41]
2022-04-16 19:21:39.108  INFO 5573 --- [    Test worker] o.a.c.c.C.[Tomcat].[localhost].[/]       : Initializing Spring embedded WebApplicationContext
2022-04-16 19:21:39.108  INFO 5573 --- [    Test worker] w.s.c.ServletWebServerApplicationContext : Root WebApplicationContext: initialization completed in 492 ms
2022-04-16 19:21:39.138  INFO 5573 --- [    Test worker] com.zaxxer.hikari.HikariDataSource       : HikariPool-1 - Starting...
2022-04-16 19:21:39.242  INFO 5573 --- [    Test worker] com.zaxxer.hikari.HikariDataSource       : HikariPool-1 - Start completed.
2022-04-16 19:21:39.246  INFO 5573 --- [    Test worker] o.s.b.a.h2.H2ConsoleAutoConfiguration    : H2 console available at '/h2-console'. Database available at 'jdbc:h2:mem:testdb'
2022-04-16 19:21:39.397  INFO 5573 --- [    Test worker] o.hibernate.jpa.internal.util.LogHelper  : HHH000204: Processing PersistenceUnitInfo [name: default]
2022-04-16 19:21:39.436  INFO 5573 --- [    Test worker] org.hibernate.Version                    : HHH000412: Hibernate ORM core version 5.4.25.Final
2022-04-16 19:21:39.462  INFO 5573 --- [    Test worker] o.hibernate.annotations.common.Version   : HCANN000001: Hibernate Commons Annotations {5.1.2.Final}
2022-04-16 19:21:39.532  INFO 5573 --- [    Test worker] org.hibernate.dialect.Dialect            : HHH000400: Using dialect: org.hibernate.dialect.H2Dialect
Hibernate: drop table if exists posts CASCADE 
Hibernate: drop table if exists user CASCADE 
Hibernate: create table posts (id bigint generated by default as identity, created_date timestamp, modified_date timestamp, author varchar(255), content TEXT not null, title varchar(500) not null, primary key (id))
Hibernate: create table user (id bigint generated by default as identity, created_date timestamp, modified_date timestamp, email varchar(255) not null, name varchar(255) not null, picture varchar(255), role varchar(255) not null, primary key (id))
2022-04-16 19:21:39.951  INFO 5573 --- [    Test worker] o.h.e.t.j.p.i.JtaPlatformInitiator       : HHH000490: Using JtaPlatform implementation: [org.hibernate.engine.transaction.jta.platform.internal.NoJtaPlatform]
2022-04-16 19:21:39.958  INFO 5573 --- [    Test worker] j.LocalContainerEntityManagerFactoryBean : Initialized JPA EntityManagerFactory for persistence unit 'default'
2022-04-16 19:21:40.307  WARN 5573 --- [    Test worker] JpaBaseConfiguration$JpaWebConfiguration : spring.jpa.open-in-view is enabled by default. Therefore, database queries may be performed during view rendering. Explicitly configure spring.jpa.open-in-view to disable this warning
2022-04-16 19:21:40.551  INFO 5573 --- [    Test worker] o.s.s.web.DefaultSecurityFilterChain     : Will secure any request with [org.springframework.security.web.context.request.async.WebAsyncManagerIntegrationFilter@392d65b7, org.springframework.security.web.context.SecurityContextPersistenceFilter@342f57ff, org.springframework.security.web.header.HeaderWriterFilter@54f390db, org.springframework.security.web.authentication.logout.LogoutFilter@147ca6bc, org.springframework.security.oauth2.client.web.OAuth2AuthorizationRequestRedirectFilter@32f7804f, org.springframework.security.oauth2.client.web.OAuth2LoginAuthenticationFilter@3e528025, org.springframework.security.web.authentication.ui.DefaultLoginPageGeneratingFilter@72e98314, org.springframework.security.web.authentication.ui.DefaultLogoutPageGeneratingFilter@204b0aa1, org.springframework.security.web.savedrequest.RequestCacheAwareFilter@27a1f853, org.springframework.security.web.servletapi.SecurityContextHolderAwareRequestFilter@6f9cd134, org.springframework.security.web.authentication.AnonymousAuthenticationFilter@2eb0131f, org.springframework.security.web.session.SessionManagementFilter@215787f4, org.springframework.security.web.access.ExceptionTranslationFilter@79fd4c0d, org.springframework.security.web.access.intercept.FilterSecurityInterceptor@c42b7a4]
2022-04-16 19:21:40.643  INFO 5573 --- [    Test worker] o.s.s.concurrent.ThreadPoolTaskExecutor  : Initializing ExecutorService 'applicationTaskExecutor'
2022-04-16 19:21:40.670  INFO 5573 --- [    Test worker] o.s.b.a.w.s.WelcomePageHandlerMapping    : Adding welcome page template: index
2022-04-16 19:21:40.806  INFO 5573 --- [    Test worker] o.s.b.w.embedded.tomcat.TomcatWebServer  : Tomcat started on port(s): 50856 (http) with context path ''
2022-04-16 19:21:40.813  INFO 5573 --- [    Test worker] s.a.ScheduledAnnotationBeanPostProcessor : No TaskScheduler/ScheduledExecutorService bean found for scheduled processing
2022-04-16 19:21:40.817  INFO 5573 --- [    Test worker] c.j.b.s.config.web.IndexControllerTest   : Started IndexControllerTest in 2.218 seconds (JVM running for 4.428)
2022-04-16 19:21:40.873  INFO 5573 --- [o-auto-1-exec-1] o.a.c.c.C.[Tomcat].[localhost].[/]       : Initializing Spring DispatcherServlet 'dispatcherServlet'
2022-04-16 19:21:40.873  INFO 5573 --- [o-auto-1-exec-1] o.s.web.servlet.DispatcherServlet        : Initializing Servlet 'dispatcherServlet'
2022-04-16 19:21:40.873  INFO 5573 --- [o-auto-1-exec-1] o.s.web.servlet.DispatcherServlet        : Completed initialization in 0 ms
Hibernate: select posts0_.id as id1_0_, posts0_.created_date as created_2_0_, posts0_.modified_date as modified3_0_, posts0_.author as author4_0_, posts0_.content as content5_0_, posts0_.title as title6_0_ from posts posts0_ order by posts0_.id DESC
]]></system-out>
  <system-err><![CDATA[]]></system-err>
</testsuite>
