<?xml version="1.0" encoding="UTF-8"?>
<testsuite name="com.jojoldu.book.springboot.config.domain.posts.PostsRepositoryTest" tests="2" skipped="0" failures="0" errors="0" timestamp="2022-04-16T14:33:48" hostname="JCui-Macmini.local" time="0.024">
  <properties/>
  <testcase name="게시글저장_불러오기()" classname="com.jojoldu.book.springboot.config.domain.posts.PostsRepositoryTest" time="0.012"/>
  <testcase name="BaseTimeEntity_등록()" classname="com.jojoldu.book.springboot.config.domain.posts.PostsRepositoryTest" time="0.011"/>
  <system-out><![CDATA[2022-04-16 23:33:48.065  INFO 12588 --- [    Test worker] .b.t.c.SpringBootTestContextBootstrapper : Neither @ContextConfiguration nor @ContextHierarchy found for test class [com.jojoldu.book.springboot.config.domain.posts.PostsRepositoryTest], using SpringBootContextLoader
2022-04-16 23:33:48.066  INFO 12588 --- [    Test worker] o.s.t.c.support.AbstractContextLoader    : Could not detect default resource locations for test class [com.jojoldu.book.springboot.config.domain.posts.PostsRepositoryTest]: no resource found for suffixes {-context.xml, Context.groovy}.
2022-04-16 23:33:48.066  INFO 12588 --- [    Test worker] t.c.s.AnnotationConfigContextLoaderUtils : Could not detect default configuration classes for test class [com.jojoldu.book.springboot.config.domain.posts.PostsRepositoryTest]: PostsRepositoryTest does not declare any static, non-private, non-final, nested classes annotated with @Configuration.
2022-04-16 23:33:48.072  INFO 12588 --- [    Test worker] .b.t.c.SpringBootTestContextBootstrapper : Found @SpringBootConfiguration com.jojoldu.book.springboot.Application for test class com.jojoldu.book.springboot.config.domain.posts.PostsRepositoryTest
2022-04-16 23:33:48.073  INFO 12588 --- [    Test worker] .b.t.c.SpringBootTestContextBootstrapper : Loaded default TestExecutionListener class names from location [META-INF/spring.factories]: [org.springframework.security.test.context.support.WithSecurityContextTestExecutionListener, org.springframework.security.test.context.support.ReactorContextTestExecutionListener, org.springframework.boot.test.autoconfigure.restdocs.RestDocsTestExecutionListener, org.springframework.boot.test.autoconfigure.web.client.MockRestServiceServerResetTestExecutionListener, org.springframework.boot.test.autoconfigure.web.servlet.MockMvcPrintOnlyOnFailureTestExecutionListener, org.springframework.boot.test.autoconfigure.web.servlet.WebDriverTestExecutionListener, org.springframework.boot.test.autoconfigure.webservices.client.MockWebServiceServerTestExecutionListener, org.springframework.boot.test.mock.mockito.MockitoTestExecutionListener, org.springframework.boot.test.mock.mockito.ResetMocksTestExecutionListener, org.springframework.test.context.web.ServletTestExecutionListener, org.springframework.test.context.support.DirtiesContextBeforeModesTestExecutionListener, org.springframework.test.context.support.DependencyInjectionTestExecutionListener, org.springframework.test.context.support.DirtiesContextTestExecutionListener, org.springframework.test.context.transaction.TransactionalTestExecutionListener, org.springframework.test.context.jdbc.SqlScriptsTestExecutionListener, org.springframework.test.context.event.EventPublishingTestExecutionListener]
2022-04-16 23:33:48.074  INFO 12588 --- [    Test worker] .b.t.c.SpringBootTestContextBootstrapper : Using TestExecutionListeners: [org.springframework.test.context.web.ServletTestExecutionListener@9c1ecf3, org.springframework.test.context.support.DirtiesContextBeforeModesTestExecutionListener@28ec7d3c, org.springframework.boot.test.mock.mockito.MockitoTestExecutionListener@4d33388e, org.springframework.boot.test.autoconfigure.SpringBootDependencyInjectionTestExecutionListener@2353f225, org.springframework.test.context.support.DirtiesContextTestExecutionListener@257334c8, org.springframework.test.context.transaction.TransactionalTestExecutionListener@6e3da8c7, org.springframework.test.context.jdbc.SqlScriptsTestExecutionListener@3a1e1ac6, org.springframework.security.test.context.support.WithSecurityContextTestExecutionListener@6e0157a, org.springframework.test.context.event.EventPublishingTestExecutionListener@3a89a41a, org.springframework.security.test.context.support.ReactorContextTestExecutionListener@3971481c, org.springframework.boot.test.autoconfigure.restdocs.RestDocsTestExecutionListener@73f3bdde, org.springframework.boot.test.autoconfigure.web.client.MockRestServiceServerResetTestExecutionListener@753e2d1f, org.springframework.boot.test.autoconfigure.web.servlet.MockMvcPrintOnlyOnFailureTestExecutionListener@2e0fed6, org.springframework.boot.test.autoconfigure.web.servlet.WebDriverTestExecutionListener@31e2673e, org.springframework.boot.test.autoconfigure.webservices.client.MockWebServiceServerTestExecutionListener@5f913191, org.springframework.boot.test.mock.mockito.ResetMocksTestExecutionListener@5b43b9a9]

  .   ____          _            __ _ _
 /\\ / ___'_ __ _ _(_)_ __  __ _ \ \ \ \
( ( )\___ | '_ | '_| | '_ \/ _` | \ \ \ \
 \\/  ___)| |_)| | | | | || (_| |  ) ) ) )
  '  |____| .__|_| |_|_| |_\__, | / / / /
 =========|_|==============|___/=/_/_/_/
 :: Spring Boot ::                (v2.4.1)

2022-04-16 23:33:48.088  INFO 12588 --- [    Test worker] c.j.b.s.c.d.posts.PostsRepositoryTest    : Starting PostsRepositoryTest using Java 1.8.0_322 on JCui-Macmini.local with PID 12588 (started by jc in /Users/jc/Documents/study/spring/jojoldu)
2022-04-16 23:33:48.089  INFO 12588 --- [    Test worker] c.j.b.s.c.d.posts.PostsRepositoryTest    : No active profile set, falling back to default profiles: default
2022-04-16 23:33:48.224  INFO 12588 --- [    Test worker] .s.d.r.c.RepositoryConfigurationDelegate : Bootstrapping Spring Data JPA repositories in DEFAULT mode.
2022-04-16 23:33:48.233  INFO 12588 --- [    Test worker] .s.d.r.c.RepositoryConfigurationDelegate : Finished Spring Data repository scanning in 9 ms. Found 2 JPA repository interfaces.
2022-04-16 23:33:48.311  INFO 12588 --- [    Test worker] com.zaxxer.hikari.HikariDataSource       : HikariPool-2 - Starting...
2022-04-16 23:33:48.311  INFO 12588 --- [    Test worker] com.zaxxer.hikari.HikariDataSource       : HikariPool-2 - Start completed.
2022-04-16 23:33:48.319  INFO 12588 --- [    Test worker] o.hibernate.jpa.internal.util.LogHelper  : HHH000204: Processing PersistenceUnitInfo [name: default]
2022-04-16 23:33:48.321  INFO 12588 --- [    Test worker] org.hibernate.dialect.Dialect            : HHH000400: Using dialect: org.hibernate.dialect.H2Dialect
Hibernate: drop table if exists posts CASCADE 
Hibernate: drop table if exists user CASCADE 
Hibernate: create table posts (id bigint generated by default as identity, created_date timestamp, modified_date timestamp, author varchar(255), content TEXT not null, title varchar(500) not null, primary key (id))
Hibernate: create table user (id bigint generated by default as identity, created_date timestamp, modified_date timestamp, email varchar(255) not null, name varchar(255) not null, picture varchar(255), role varchar(255) not null, primary key (id))
2022-04-16 23:33:48.353  INFO 12588 --- [    Test worker] o.h.e.t.j.p.i.JtaPlatformInitiator       : HHH000490: Using JtaPlatform implementation: [org.hibernate.engine.transaction.jta.platform.internal.NoJtaPlatform]
2022-04-16 23:33:48.353  INFO 12588 --- [    Test worker] j.LocalContainerEntityManagerFactoryBean : Initialized JPA EntityManagerFactory for persistence unit 'default'
2022-04-16 23:33:48.413  WARN 12588 --- [    Test worker] JpaBaseConfiguration$JpaWebConfiguration : spring.jpa.open-in-view is enabled by default. Therefore, database queries may be performed during view rendering. Explicitly configure spring.jpa.open-in-view to disable this warning
2022-04-16 23:33:48.514  INFO 12588 --- [    Test worker] o.s.s.web.DefaultSecurityFilterChain     : Will secure any request with [org.springframework.security.web.context.request.async.WebAsyncManagerIntegrationFilter@2d51500c, org.springframework.security.web.context.SecurityContextPersistenceFilter@312744df, org.springframework.security.web.header.HeaderWriterFilter@687dd3c2, org.springframework.security.web.authentication.logout.LogoutFilter@19c41f7f, org.springframework.security.oauth2.client.web.OAuth2AuthorizationRequestRedirectFilter@5923a383, org.springframework.security.oauth2.client.web.OAuth2LoginAuthenticationFilter@21d1ac4e, org.springframework.security.web.authentication.ui.DefaultLoginPageGeneratingFilter@7a0f3107, org.springframework.security.web.authentication.ui.DefaultLogoutPageGeneratingFilter@7dd9872, org.springframework.security.web.savedrequest.RequestCacheAwareFilter@71333341, org.springframework.security.web.servletapi.SecurityContextHolderAwareRequestFilter@77d60d66, org.springframework.security.web.authentication.AnonymousAuthenticationFilter@43a60cb1, org.springframework.security.web.session.SessionManagementFilter@15a31eed, org.springframework.security.web.access.ExceptionTranslationFilter@223c5d1f, org.springframework.security.web.access.intercept.FilterSecurityInterceptor@52bf133f]
2022-04-16 23:33:48.587  INFO 12588 --- [    Test worker] o.s.s.concurrent.ThreadPoolTaskExecutor  : Initializing ExecutorService 'applicationTaskExecutor'
2022-04-16 23:33:48.594  INFO 12588 --- [    Test worker] o.s.b.a.h2.H2ConsoleAutoConfiguration    : H2 console available at '/h2-console'. Database available at 'jdbc:h2:mem:testdb'
2022-04-16 23:33:48.603  INFO 12588 --- [    Test worker] o.s.b.a.w.s.WelcomePageHandlerMapping    : Adding welcome page template: index
2022-04-16 23:33:48.718  INFO 12588 --- [    Test worker] s.a.ScheduledAnnotationBeanPostProcessor : No TaskScheduler/ScheduledExecutorService bean found for scheduled processing
2022-04-16 23:33:48.719  INFO 12588 --- [    Test worker] c.j.b.s.c.d.posts.PostsRepositoryTest    : Started PostsRepositoryTest in 0.643 seconds (JVM running for 5.189)
Hibernate: insert into posts (id, created_date, modified_date, author, content, title) values (null, ?, ?, ?, ?, ?)
Hibernate: select posts0_.id as id1_0_, posts0_.created_date as created_2_0_, posts0_.modified_date as modified3_0_, posts0_.author as author4_0_, posts0_.content as content5_0_, posts0_.title as title6_0_ from posts posts0_
Hibernate: select posts0_.id as id1_0_, posts0_.created_date as created_2_0_, posts0_.modified_date as modified3_0_, posts0_.author as author4_0_, posts0_.content as content5_0_, posts0_.title as title6_0_ from posts posts0_
Hibernate: delete from posts where id=?
Hibernate: insert into posts (id, created_date, modified_date, author, content, title) values (null, ?, ?, ?, ?, ?)
Hibernate: select posts0_.id as id1_0_, posts0_.created_date as created_2_0_, posts0_.modified_date as modified3_0_, posts0_.author as author4_0_, posts0_.content as content5_0_, posts0_.title as title6_0_ from posts posts0_
>>>>>>>>> createDate=2022-04-16T23:33:48.734, modifiedDate=2022-04-16T23:33:48.734
Hibernate: select posts0_.id as id1_0_, posts0_.created_date as created_2_0_, posts0_.modified_date as modified3_0_, posts0_.author as author4_0_, posts0_.content as content5_0_, posts0_.title as title6_0_ from posts posts0_
Hibernate: delete from posts where id=?
]]></system-out>
  <system-err><![CDATA[]]></system-err>
</testsuite>
