<?xml version="1.0" encoding="UTF-8"?>
<testsuite name="com.jojoldu.book.springboot.config.web.PostsApiControllerTest" tests="2" skipped="0" failures="0" errors="0" timestamp="2022-04-14T11:26:05" hostname="JCui-Macmini.local" time="0.121">
  <properties/>
  <testcase name="Posts_등록된다" classname="com.jojoldu.book.springboot.config.web.PostsApiControllerTest" time="0.101"/>
  <testcase name="Posts_수정된다" classname="com.jojoldu.book.springboot.config.web.PostsApiControllerTest" time="0.019"/>
  <system-out><![CDATA[2022-04-14 20:26:05.356  INFO 7343 --- [    Test worker] .b.t.c.SpringBootTestContextBootstrapper : Neither @ContextConfiguration nor @ContextHierarchy found for test class [com.jojoldu.book.springboot.config.web.PostsApiControllerTest], using SpringBootContextLoader
2022-04-14 20:26:05.356  INFO 7343 --- [    Test worker] o.s.t.c.support.AbstractContextLoader    : Could not detect default resource locations for test class [com.jojoldu.book.springboot.config.web.PostsApiControllerTest]: no resource found for suffixes {-context.xml, Context.groovy}.
2022-04-14 20:26:05.356  INFO 7343 --- [    Test worker] t.c.s.AnnotationConfigContextLoaderUtils : Could not detect default configuration classes for test class [com.jojoldu.book.springboot.config.web.PostsApiControllerTest]: PostsApiControllerTest does not declare any static, non-private, non-final, nested classes annotated with @Configuration.
2022-04-14 20:26:05.358  INFO 7343 --- [    Test worker] .b.t.c.SpringBootTestContextBootstrapper : Found @SpringBootConfiguration com.jojoldu.book.springboot.Application for test class com.jojoldu.book.springboot.config.web.PostsApiControllerTest
2022-04-14 20:26:05.358  INFO 7343 --- [    Test worker] .b.t.c.SpringBootTestContextBootstrapper : Loaded default TestExecutionListener class names from location [META-INF/spring.factories]: [org.springframework.security.test.context.support.WithSecurityContextTestExecutionListener, org.springframework.security.test.context.support.ReactorContextTestExecutionListener, org.springframework.boot.test.autoconfigure.restdocs.RestDocsTestExecutionListener, org.springframework.boot.test.autoconfigure.web.client.MockRestServiceServerResetTestExecutionListener, org.springframework.boot.test.autoconfigure.web.servlet.MockMvcPrintOnlyOnFailureTestExecutionListener, org.springframework.boot.test.autoconfigure.web.servlet.WebDriverTestExecutionListener, org.springframework.boot.test.mock.mockito.MockitoTestExecutionListener, org.springframework.boot.test.mock.mockito.ResetMocksTestExecutionListener, org.springframework.test.context.web.ServletTestExecutionListener, org.springframework.test.context.support.DirtiesContextBeforeModesTestExecutionListener, org.springframework.test.context.support.DependencyInjectionTestExecutionListener, org.springframework.test.context.support.DirtiesContextTestExecutionListener, org.springframework.test.context.transaction.TransactionalTestExecutionListener, org.springframework.test.context.jdbc.SqlScriptsTestExecutionListener]
2022-04-14 20:26:05.359  INFO 7343 --- [    Test worker] .b.t.c.SpringBootTestContextBootstrapper : Using TestExecutionListeners: [org.springframework.test.context.web.ServletTestExecutionListener@692291fa, org.springframework.test.context.support.DirtiesContextBeforeModesTestExecutionListener@72d8d52, org.springframework.boot.test.mock.mockito.MockitoTestExecutionListener@bdeb615, org.springframework.boot.test.autoconfigure.SpringBootDependencyInjectionTestExecutionListener@4a809293, org.springframework.test.context.support.DirtiesContextTestExecutionListener@37d06778, org.springframework.test.context.transaction.TransactionalTestExecutionListener@5cfc3bcd, org.springframework.test.context.jdbc.SqlScriptsTestExecutionListener@22ec4059, org.springframework.security.test.context.support.WithSecurityContextTestExecutionListener@6c365a9d, org.springframework.security.test.context.support.ReactorContextTestExecutionListener@58690bc4, org.springframework.boot.test.autoconfigure.restdocs.RestDocsTestExecutionListener@65f67157, org.springframework.boot.test.autoconfigure.web.client.MockRestServiceServerResetTestExecutionListener@25580b38, org.springframework.boot.test.autoconfigure.web.servlet.MockMvcPrintOnlyOnFailureTestExecutionListener@7be44fbc, org.springframework.boot.test.autoconfigure.web.servlet.WebDriverTestExecutionListener@6bc34c2f, org.springframework.boot.test.mock.mockito.ResetMocksTestExecutionListener@3de9e4c9]
2022-04-14 20:26:05.364  INFO 7343 --- [    Test worker] o.a.c.c.C.[Tomcat].[localhost].[/]       : Initializing Spring TestDispatcherServlet ''
2022-04-14 20:26:05.364  INFO 7343 --- [    Test worker] o.s.t.web.servlet.TestDispatcherServlet  : Initializing Servlet ''
2022-04-14 20:26:05.369  INFO 7343 --- [    Test worker] o.s.t.web.servlet.TestDispatcherServlet  : Completed initialization in 5 ms
Hibernate: insert into posts (created_date, modified_date, author, content, title) values (?, ?, ?, ?, ?)
Hibernate: select posts0_.id as id1_0_, posts0_.created_date as created_2_0_, posts0_.modified_date as modified3_0_, posts0_.author as author4_0_, posts0_.content as content5_0_, posts0_.title as title6_0_ from posts posts0_
Hibernate: select posts0_.id as id1_0_, posts0_.created_date as created_2_0_, posts0_.modified_date as modified3_0_, posts0_.author as author4_0_, posts0_.content as content5_0_, posts0_.title as title6_0_ from posts posts0_
Hibernate: delete from posts where id=?
2022-04-14 20:26:05.464  INFO 7343 --- [    Test worker] o.a.c.c.C.[Tomcat].[localhost].[/]       : Initializing Spring TestDispatcherServlet ''
2022-04-14 20:26:05.467  INFO 7343 --- [    Test worker] o.s.t.web.servlet.TestDispatcherServlet  : Initializing Servlet ''
2022-04-14 20:26:05.468  INFO 7343 --- [    Test worker] o.s.t.web.servlet.TestDispatcherServlet  : Completed initialization in 1 ms
Hibernate: insert into posts (created_date, modified_date, author, content, title) values (?, ?, ?, ?, ?)
Hibernate: select posts0_.id as id1_0_0_, posts0_.created_date as created_2_0_0_, posts0_.modified_date as modified3_0_0_, posts0_.author as author4_0_0_, posts0_.content as content5_0_0_, posts0_.title as title6_0_0_ from posts posts0_ where posts0_.id=?
Hibernate: update posts set created_date=?, modified_date=?, author=?, content=?, title=? where id=?
Hibernate: select posts0_.id as id1_0_, posts0_.created_date as created_2_0_, posts0_.modified_date as modified3_0_, posts0_.author as author4_0_, posts0_.content as content5_0_, posts0_.title as title6_0_ from posts posts0_
Hibernate: select posts0_.id as id1_0_, posts0_.created_date as created_2_0_, posts0_.modified_date as modified3_0_, posts0_.author as author4_0_, posts0_.content as content5_0_, posts0_.title as title6_0_ from posts posts0_
Hibernate: delete from posts where id=?
]]></system-out>
  <system-err><![CDATA[]]></system-err>
</testsuite>
