<?xml version="1.0" encoding="UTF-8"?>
<testsuite name="com.jojoldu.book.springboot.config.web.IndexControllerTest" tests="1" skipped="0" failures="0" errors="0" timestamp="2024-05-27T09:58:00" hostname="JCui-Macmini.local" time="0.408">
  <properties/>
  <testcase name="메인페이지_로딩()" classname="com.jojoldu.book.springboot.config.web.IndexControllerTest" time="0.408"/>
  <system-out><![CDATA[2024-05-27 18:57:58.396  INFO 49294 --- [    Test worker] .b.t.c.SpringBootTestContextBootstrapper : Neither @ContextConfiguration nor @ContextHierarchy found for test class [com.jojoldu.book.springboot.config.web.IndexControllerTest], using SpringBootContextLoader
2024-05-27 18:57:58.396  INFO 49294 --- [    Test worker] o.s.t.c.support.AbstractContextLoader    : Could not detect default resource locations for test class [com.jojoldu.book.springboot.config.web.IndexControllerTest]: no resource found for suffixes {-context.xml, Context.groovy}.
2024-05-27 18:57:58.397  INFO 49294 --- [    Test worker] t.c.s.AnnotationConfigContextLoaderUtils : Could not detect default configuration classes for test class [com.jojoldu.book.springboot.config.web.IndexControllerTest]: IndexControllerTest does not declare any static, non-private, non-final, nested classes annotated with @Configuration.
2024-05-27 18:57:58.398  INFO 49294 --- [    Test worker] .b.t.c.SpringBootTestContextBootstrapper : Found @SpringBootConfiguration com.jojoldu.book.springboot.Application for test class com.jojoldu.book.springboot.config.web.IndexControllerTest
2024-05-27 18:57:58.399  INFO 49294 --- [    Test worker] .b.t.c.SpringBootTestContextBootstrapper : Loaded default TestExecutionListener class names from location [META-INF/spring.factories]: [org.springframework.security.test.context.support.WithSecurityContextTestExecutionListener, org.springframework.security.test.context.support.ReactorContextTestExecutionListener, org.springframework.boot.test.autoconfigure.restdocs.RestDocsTestExecutionListener, org.springframework.boot.test.autoconfigure.web.client.MockRestServiceServerResetTestExecutionListener, org.springframework.boot.test.autoconfigure.web.servlet.MockMvcPrintOnlyOnFailureTestExecutionListener, org.springframework.boot.test.autoconfigure.web.servlet.WebDriverTestExecutionListener, org.springframework.boot.test.autoconfigure.webservices.client.MockWebServiceServerTestExecutionListener, org.springframework.boot.test.mock.mockito.MockitoTestExecutionListener, org.springframework.boot.test.mock.mockito.ResetMocksTestExecutionListener, org.springframework.test.context.web.ServletTestExecutionListener, org.springframework.test.context.support.DirtiesContextBeforeModesTestExecutionListener, org.springframework.test.context.support.DependencyInjectionTestExecutionListener, org.springframework.test.context.support.DirtiesContextTestExecutionListener, org.springframework.test.context.transaction.TransactionalTestExecutionListener, org.springframework.test.context.jdbc.SqlScriptsTestExecutionListener, org.springframework.test.context.event.EventPublishingTestExecutionListener]
2024-05-27 18:57:58.400  INFO 49294 --- [    Test worker] .b.t.c.SpringBootTestContextBootstrapper : Using TestExecutionListeners: [org.springframework.test.context.web.ServletTestExecutionListener@711447f6, org.springframework.test.context.support.DirtiesContextBeforeModesTestExecutionListener@4db76012, org.springframework.boot.test.mock.mockito.MockitoTestExecutionListener@62b768b1, org.springframework.boot.test.autoconfigure.SpringBootDependencyInjectionTestExecutionListener@8ef2249, org.springframework.test.context.support.DirtiesContextTestExecutionListener@5b17ff55, org.springframework.test.context.transaction.TransactionalTestExecutionListener@2d56a3d5, org.springframework.test.context.jdbc.SqlScriptsTestExecutionListener@74fdb42e, org.springframework.security.test.context.support.WithSecurityContextTestExecutionListener@5712d92, org.springframework.test.context.event.EventPublishingTestExecutionListener@61f8973e, org.springframework.security.test.context.support.ReactorContextTestExecutionListener@7928d8df, org.springframework.boot.test.autoconfigure.restdocs.RestDocsTestExecutionListener@60ed5f10, org.springframework.boot.test.autoconfigure.web.client.MockRestServiceServerResetTestExecutionListener@6c7cf322, org.springframework.boot.test.autoconfigure.web.servlet.MockMvcPrintOnlyOnFailureTestExecutionListener@4998c8f4, org.springframework.boot.test.autoconfigure.web.servlet.WebDriverTestExecutionListener@76c90f38, org.springframework.boot.test.autoconfigure.webservices.client.MockWebServiceServerTestExecutionListener@7cd6db2e, org.springframework.boot.test.mock.mockito.ResetMocksTestExecutionListener@7738c275]

  .   ____          _            __ _ _
 /\\ / ___'_ __ _ _(_)_ __  __ _ \ \ \ \
( ( )\___ | '_ | '_| | '_ \/ _` | \ \ \ \
 \\/  ___)| |_)| | | | | || (_| |  ) ) ) )
  '  |____| .__|_| |_|_| |_\__, | / / / /
 =========|_|==============|___/=/_/_/_/
 :: Spring Boot ::                (v2.4.1)

2024-05-27 18:57:58.421  INFO 49294 --- [    Test worker] c.j.b.s.config.web.IndexControllerTest   : Starting IndexControllerTest using Java 11.0.13 on JCui-Macmini.local with PID 49294 (started by jc in /Users/jc/Library/Mobile Documents/com~apple~CloudDocs/programing/jojoldu)
2024-05-27 18:57:58.421  INFO 49294 --- [    Test worker] c.j.b.s.config.web.IndexControllerTest   : No active profile set, falling back to default profiles: default
2024-05-27 18:57:58.582  INFO 49294 --- [    Test worker] .s.d.r.c.RepositoryConfigurationDelegate : Bootstrapping Spring Data JPA repositories in DEFAULT mode.
2024-05-27 18:57:58.608  INFO 49294 --- [    Test worker] .s.d.r.c.RepositoryConfigurationDelegate : Finished Spring Data repository scanning in 22 ms. Found 2 JPA repository interfaces.
2024-05-27 18:57:58.854  INFO 49294 --- [    Test worker] o.s.b.w.embedded.tomcat.TomcatWebServer  : Tomcat initialized with port(s): 0 (http)
2024-05-27 18:57:58.861  INFO 49294 --- [    Test worker] o.apache.catalina.core.StandardService   : Starting service [Tomcat]
2024-05-27 18:57:58.861  INFO 49294 --- [    Test worker] org.apache.catalina.core.StandardEngine  : Starting Servlet engine: [Apache Tomcat/9.0.41]
2024-05-27 18:57:58.922  INFO 49294 --- [    Test worker] o.a.c.c.C.[Tomcat].[localhost].[/]       : Initializing Spring embedded WebApplicationContext
2024-05-27 18:57:58.922  INFO 49294 --- [    Test worker] w.s.c.ServletWebServerApplicationContext : Root WebApplicationContext: initialization completed in 499 ms
2024-05-27 18:57:58.952  INFO 49294 --- [    Test worker] com.zaxxer.hikari.HikariDataSource       : HikariPool-1 - Starting...
2024-05-27 18:57:59.053  INFO 49294 --- [    Test worker] com.zaxxer.hikari.HikariDataSource       : HikariPool-1 - Start completed.
2024-05-27 18:57:59.059  INFO 49294 --- [    Test worker] o.s.b.a.h2.H2ConsoleAutoConfiguration    : H2 console available at '/h2-console'. Database available at 'jdbc:h2:mem:testdb'
2024-05-27 18:57:59.215  INFO 49294 --- [    Test worker] o.hibernate.jpa.internal.util.LogHelper  : HHH000204: Processing PersistenceUnitInfo [name: default]
2024-05-27 18:57:59.248  INFO 49294 --- [    Test worker] org.hibernate.Version                    : HHH000412: Hibernate ORM core version 5.4.25.Final
2024-05-27 18:57:59.276  INFO 49294 --- [    Test worker] o.hibernate.annotations.common.Version   : HCANN000001: Hibernate Commons Annotations {5.1.2.Final}
2024-05-27 18:57:59.337  INFO 49294 --- [    Test worker] org.hibernate.dialect.Dialect            : HHH000400: Using dialect: org.hibernate.dialect.H2Dialect
Hibernate: drop table if exists posts CASCADE 
Hibernate: drop table if exists user CASCADE 
Hibernate: create table posts (id bigint generated by default as identity, created_date timestamp, modified_date timestamp, author varchar(255), content TEXT not null, title varchar(500) not null, primary key (id))
Hibernate: create table user (id bigint generated by default as identity, created_date timestamp, modified_date timestamp, email varchar(255) not null, name varchar(255) not null, picture varchar(255), role varchar(255) not null, primary key (id))
2024-05-27 18:57:59.620  INFO 49294 --- [    Test worker] o.h.e.t.j.p.i.JtaPlatformInitiator       : HHH000490: Using JtaPlatform implementation: [org.hibernate.engine.transaction.jta.platform.internal.NoJtaPlatform]
2024-05-27 18:57:59.625  INFO 49294 --- [    Test worker] j.LocalContainerEntityManagerFactoryBean : Initialized JPA EntityManagerFactory for persistence unit 'default'
2024-05-27 18:57:59.889  WARN 49294 --- [    Test worker] JpaBaseConfiguration$JpaWebConfiguration : spring.jpa.open-in-view is enabled by default. Therefore, database queries may be performed during view rendering. Explicitly configure spring.jpa.open-in-view to disable this warning
2024-05-27 18:58:00.111  INFO 49294 --- [    Test worker] o.s.s.web.DefaultSecurityFilterChain     : Will secure any request with [org.springframework.security.web.context.request.async.WebAsyncManagerIntegrationFilter@5b2e88fe, org.springframework.security.web.context.SecurityContextPersistenceFilter@54b0de17, org.springframework.security.web.header.HeaderWriterFilter@3c7f754d, org.springframework.security.web.authentication.logout.LogoutFilter@eec94c5, org.springframework.security.oauth2.client.web.OAuth2AuthorizationRequestRedirectFilter@393776a0, org.springframework.security.oauth2.client.web.OAuth2LoginAuthenticationFilter@400320e0, org.springframework.security.web.authentication.ui.DefaultLoginPageGeneratingFilter@49b19758, org.springframework.security.web.authentication.ui.DefaultLogoutPageGeneratingFilter@2f3b75b, org.springframework.security.web.savedrequest.RequestCacheAwareFilter@30b4bddb, org.springframework.security.web.servletapi.SecurityContextHolderAwareRequestFilter@77a6739d, org.springframework.security.web.authentication.AnonymousAuthenticationFilter@7a7cf79, org.springframework.security.web.session.SessionManagementFilter@2cb24362, org.springframework.security.web.access.ExceptionTranslationFilter@30ea9153, org.springframework.security.web.access.intercept.FilterSecurityInterceptor@3276506b]
2024-05-27 18:58:00.174  INFO 49294 --- [    Test worker] o.s.s.concurrent.ThreadPoolTaskExecutor  : Initializing ExecutorService 'applicationTaskExecutor'
2024-05-27 18:58:00.201  INFO 49294 --- [    Test worker] o.s.b.a.w.s.WelcomePageHandlerMapping    : Adding welcome page template: index
2024-05-27 18:58:00.376  INFO 49294 --- [    Test worker] o.s.b.w.embedded.tomcat.TomcatWebServer  : Tomcat started on port(s): 50909 (http) with context path ''
2024-05-27 18:58:00.394  INFO 49294 --- [    Test worker] s.a.ScheduledAnnotationBeanPostProcessor : No TaskScheduler/ScheduledExecutorService bean found for scheduled processing
2024-05-27 18:58:00.406  INFO 49294 --- [    Test worker] c.j.b.s.config.web.IndexControllerTest   : Started IndexControllerTest in 2.005 seconds (JVM running for 4.33)
2024-05-27 18:58:00.580  INFO 49294 --- [o-auto-1-exec-1] o.a.c.c.C.[Tomcat].[localhost].[/]       : Initializing Spring DispatcherServlet 'dispatcherServlet'
2024-05-27 18:58:00.581  INFO 49294 --- [o-auto-1-exec-1] o.s.web.servlet.DispatcherServlet        : Initializing Servlet 'dispatcherServlet'
2024-05-27 18:58:00.582  INFO 49294 --- [o-auto-1-exec-1] o.s.web.servlet.DispatcherServlet        : Completed initialization in 1 ms
Hibernate: select posts0_.id as id1_0_, posts0_.created_date as created_2_0_, posts0_.modified_date as modified3_0_, posts0_.author as author4_0_, posts0_.content as content5_0_, posts0_.title as title6_0_ from posts posts0_ order by posts0_.id DESC
]]></system-out>
  <system-err><![CDATA[]]></system-err>
</testsuite>
