<?xml version="1.0" encoding="UTF-8"?>
<testsuite name="com.jojoldu.book.springboot.config.web.PostsApiControllerTest" tests="2" skipped="0" failures="0" errors="0" timestamp="2024-05-27T09:58:00" hostname="JCui-Macmini.local" time="0.674">
  <properties/>
  <testcase name="Posts_등록된다()" classname="com.jojoldu.book.springboot.config.web.PostsApiControllerTest" time="0.609"/>
  <testcase name="Posts_수정된다()" classname="com.jojoldu.book.springboot.config.web.PostsApiControllerTest" time="0.063"/>
  <system-out><![CDATA[2024-05-27 18:58:00.828  INFO 49294 --- [    Test worker] .b.t.c.SpringBootTestContextBootstrapper : Neither @ContextConfiguration nor @ContextHierarchy found for test class [com.jojoldu.book.springboot.config.web.PostsApiControllerTest], using SpringBootContextLoader
2024-05-27 18:58:00.829  INFO 49294 --- [    Test worker] o.s.t.c.support.AbstractContextLoader    : Could not detect default resource locations for test class [com.jojoldu.book.springboot.config.web.PostsApiControllerTest]: no resource found for suffixes {-context.xml, Context.groovy}.
2024-05-27 18:58:00.830  INFO 49294 --- [    Test worker] t.c.s.AnnotationConfigContextLoaderUtils : Could not detect default configuration classes for test class [com.jojoldu.book.springboot.config.web.PostsApiControllerTest]: PostsApiControllerTest does not declare any static, non-private, non-final, nested classes annotated with @Configuration.
2024-05-27 18:58:00.854  INFO 49294 --- [    Test worker] .b.t.c.SpringBootTestContextBootstrapper : Found @SpringBootConfiguration com.jojoldu.book.springboot.Application for test class com.jojoldu.book.springboot.config.web.PostsApiControllerTest
2024-05-27 18:58:00.857  INFO 49294 --- [    Test worker] .b.t.c.SpringBootTestContextBootstrapper : Loaded default TestExecutionListener class names from location [META-INF/spring.factories]: [org.springframework.security.test.context.support.WithSecurityContextTestExecutionListener, org.springframework.security.test.context.support.ReactorContextTestExecutionListener, org.springframework.boot.test.autoconfigure.restdocs.RestDocsTestExecutionListener, org.springframework.boot.test.autoconfigure.web.client.MockRestServiceServerResetTestExecutionListener, org.springframework.boot.test.autoconfigure.web.servlet.MockMvcPrintOnlyOnFailureTestExecutionListener, org.springframework.boot.test.autoconfigure.web.servlet.WebDriverTestExecutionListener, org.springframework.boot.test.autoconfigure.webservices.client.MockWebServiceServerTestExecutionListener, org.springframework.boot.test.mock.mockito.MockitoTestExecutionListener, org.springframework.boot.test.mock.mockito.ResetMocksTestExecutionListener, org.springframework.test.context.web.ServletTestExecutionListener, org.springframework.test.context.support.DirtiesContextBeforeModesTestExecutionListener, org.springframework.test.context.support.DependencyInjectionTestExecutionListener, org.springframework.test.context.support.DirtiesContextTestExecutionListener, org.springframework.test.context.transaction.TransactionalTestExecutionListener, org.springframework.test.context.jdbc.SqlScriptsTestExecutionListener, org.springframework.test.context.event.EventPublishingTestExecutionListener]
2024-05-27 18:58:00.859  INFO 49294 --- [    Test worker] .b.t.c.SpringBootTestContextBootstrapper : Using TestExecutionListeners: [org.springframework.test.context.web.ServletTestExecutionListener@7f169147, org.springframework.test.context.support.DirtiesContextBeforeModesTestExecutionListener@79bfb56f, org.springframework.boot.test.mock.mockito.MockitoTestExecutionListener@3ada3259, org.springframework.boot.test.autoconfigure.SpringBootDependencyInjectionTestExecutionListener@2eaaa4e6, org.springframework.test.context.support.DirtiesContextTestExecutionListener@657d94dd, org.springframework.test.context.transaction.TransactionalTestExecutionListener@616d41d0, org.springframework.test.context.jdbc.SqlScriptsTestExecutionListener@aceff5e, org.springframework.security.test.context.support.WithSecurityContextTestExecutionListener@7138f775, org.springframework.test.context.event.EventPublishingTestExecutionListener@786a4ef3, org.springframework.security.test.context.support.ReactorContextTestExecutionListener@7302e3ef, org.springframework.boot.test.autoconfigure.restdocs.RestDocsTestExecutionListener@ecbd6de, org.springframework.boot.test.autoconfigure.web.client.MockRestServiceServerResetTestExecutionListener@387e1b2d, org.springframework.boot.test.autoconfigure.web.servlet.MockMvcPrintOnlyOnFailureTestExecutionListener@1249c707, org.springframework.boot.test.autoconfigure.web.servlet.WebDriverTestExecutionListener@7630533a, org.springframework.boot.test.autoconfigure.webservices.client.MockWebServiceServerTestExecutionListener@269d1604, org.springframework.boot.test.mock.mockito.ResetMocksTestExecutionListener@6e72c689]
2024-05-27 18:58:00.877  INFO 49294 --- [    Test worker] o.a.c.c.C.[Tomcat].[localhost].[/]       : Initializing Spring TestDispatcherServlet ''
2024-05-27 18:58:00.877  INFO 49294 --- [    Test worker] o.s.t.web.servlet.TestDispatcherServlet  : Initializing Servlet ''
2024-05-27 18:58:00.878  INFO 49294 --- [    Test worker] o.s.t.web.servlet.TestDispatcherServlet  : Completed initialization in 1 ms
Hibernate: insert into posts (id, created_date, modified_date, author, content, title) values (null, ?, ?, ?, ?, ?)
Hibernate: select posts0_.id as id1_0_, posts0_.created_date as created_2_0_, posts0_.modified_date as modified3_0_, posts0_.author as author4_0_, posts0_.content as content5_0_, posts0_.title as title6_0_ from posts posts0_
Hibernate: select posts0_.id as id1_0_, posts0_.created_date as created_2_0_, posts0_.modified_date as modified3_0_, posts0_.author as author4_0_, posts0_.content as content5_0_, posts0_.title as title6_0_ from posts posts0_
Hibernate: delete from posts where id=?
2024-05-27 18:58:01.480  INFO 49294 --- [    Test worker] o.a.c.c.C.[Tomcat].[localhost].[/]       : Initializing Spring TestDispatcherServlet ''
2024-05-27 18:58:01.481  INFO 49294 --- [    Test worker] o.s.t.web.servlet.TestDispatcherServlet  : Initializing Servlet ''
2024-05-27 18:58:01.483  INFO 49294 --- [    Test worker] o.s.t.web.servlet.TestDispatcherServlet  : Completed initialization in 1 ms
Hibernate: insert into posts (id, created_date, modified_date, author, content, title) values (null, ?, ?, ?, ?, ?)
Hibernate: select posts0_.id as id1_0_0_, posts0_.created_date as created_2_0_0_, posts0_.modified_date as modified3_0_0_, posts0_.author as author4_0_0_, posts0_.content as content5_0_0_, posts0_.title as title6_0_0_ from posts posts0_ where posts0_.id=?
Hibernate: update posts set created_date=?, modified_date=?, author=?, content=?, title=? where id=?
Hibernate: select posts0_.id as id1_0_, posts0_.created_date as created_2_0_, posts0_.modified_date as modified3_0_, posts0_.author as author4_0_, posts0_.content as content5_0_, posts0_.title as title6_0_ from posts posts0_
Hibernate: select posts0_.id as id1_0_, posts0_.created_date as created_2_0_, posts0_.modified_date as modified3_0_, posts0_.author as author4_0_, posts0_.content as content5_0_, posts0_.title as title6_0_ from posts posts0_
Hibernate: delete from posts where id=?
]]></system-out>
  <system-err><![CDATA[]]></system-err>
</testsuite>
