<?xml version="1.0" encoding="UTF-8"?>
<testsuite name="com.jojoldu.book.springboot.config.web.HelloControllerTest" tests="2" skipped="0" failures="0" errors="0" timestamp="2022-04-15T07:05:52" hostname="JCui-Macmini.local" time="0.177">
  <properties/>
  <testcase name="hello가_리턴된다" classname="com.jojoldu.book.springboot.config.web.HelloControllerTest" time="0.133"/>
  <testcase name="helloDto가_리턴된다" classname="com.jojoldu.book.springboot.config.web.HelloControllerTest" time="0.043"/>
  <system-out><![CDATA[16:05:51.496 [Test worker] DEBUG org.springframework.test.context.junit4.SpringJUnit4ClassRunner - SpringJUnit4ClassRunner constructor called with [class com.jojoldu.book.springboot.config.web.HelloControllerTest]
16:05:51.499 [Test worker] DEBUG org.springframework.test.context.BootstrapUtils - Instantiating CacheAwareContextLoaderDelegate from class [org.springframework.test.context.cache.DefaultCacheAwareContextLoaderDelegate]
16:05:51.503 [Test worker] DEBUG org.springframework.test.context.BootstrapUtils - Instantiating BootstrapContext using constructor [public org.springframework.test.context.support.DefaultBootstrapContext(java.lang.Class,org.springframework.test.context.CacheAwareContextLoaderDelegate)]
16:05:51.512 [Test worker] DEBUG org.springframework.test.context.BootstrapUtils - Instantiating TestContextBootstrapper for test class [com.jojoldu.book.springboot.config.web.HelloControllerTest] from class [org.springframework.boot.test.autoconfigure.web.servlet.WebMvcTestContextBootstrapper]
16:05:51.522 [Test worker] INFO org.springframework.boot.test.autoconfigure.web.servlet.WebMvcTestContextBootstrapper - Neither @ContextConfiguration nor @ContextHierarchy found for test class [com.jojoldu.book.springboot.config.web.HelloControllerTest], using SpringBootContextLoader
16:05:51.524 [Test worker] DEBUG org.springframework.test.context.support.AbstractContextLoader - Did not detect default resource location for test class [com.jojoldu.book.springboot.config.web.HelloControllerTest]: class path resource [com/jojoldu/book/springboot/config/web/HelloControllerTest-context.xml] does not exist
16:05:51.524 [Test worker] DEBUG org.springframework.test.context.support.AbstractContextLoader - Did not detect default resource location for test class [com.jojoldu.book.springboot.config.web.HelloControllerTest]: class path resource [com/jojoldu/book/springboot/config/web/HelloControllerTestContext.groovy] does not exist
16:05:51.524 [Test worker] INFO org.springframework.test.context.support.AbstractContextLoader - Could not detect default resource locations for test class [com.jojoldu.book.springboot.config.web.HelloControllerTest]: no resource found for suffixes {-context.xml, Context.groovy}.
16:05:51.524 [Test worker] INFO org.springframework.test.context.support.AnnotationConfigContextLoaderUtils - Could not detect default configuration classes for test class [com.jojoldu.book.springboot.config.web.HelloControllerTest]: HelloControllerTest does not declare any static, non-private, non-final, nested classes annotated with @Configuration.
16:05:51.557 [Test worker] DEBUG org.springframework.test.context.support.ActiveProfilesUtils - Could not find an 'annotation declaring class' for annotation type [org.springframework.test.context.ActiveProfiles] and class [com.jojoldu.book.springboot.config.web.HelloControllerTest]
16:05:51.591 [Test worker] DEBUG org.springframework.context.annotation.ClassPathScanningCandidateComponentProvider - Identified candidate component class: file [/Users/jc/Documents/study/spring/jojoldu/build/classes/java/main/com/jojoldu/book/springboot/Application.class]
16:05:51.592 [Test worker] INFO org.springframework.boot.test.context.SpringBootTestContextBootstrapper - Found @SpringBootConfiguration com.jojoldu.book.springboot.Application for test class com.jojoldu.book.springboot.config.web.HelloControllerTest
16:05:51.593 [Test worker] DEBUG org.springframework.boot.test.autoconfigure.web.servlet.WebMvcTestContextBootstrapper - @TestExecutionListeners is not present for class [com.jojoldu.book.springboot.config.web.HelloControllerTest]: using defaults.
16:05:51.593 [Test worker] INFO org.springframework.boot.test.autoconfigure.web.servlet.WebMvcTestContextBootstrapper - Loaded default TestExecutionListener class names from location [META-INF/spring.factories]: [org.springframework.security.test.context.support.WithSecurityContextTestExecutionListener, org.springframework.security.test.context.support.ReactorContextTestExecutionListener, org.springframework.boot.test.autoconfigure.restdocs.RestDocsTestExecutionListener, org.springframework.boot.test.autoconfigure.web.client.MockRestServiceServerResetTestExecutionListener, org.springframework.boot.test.autoconfigure.web.servlet.MockMvcPrintOnlyOnFailureTestExecutionListener, org.springframework.boot.test.autoconfigure.web.servlet.WebDriverTestExecutionListener, org.springframework.boot.test.mock.mockito.MockitoTestExecutionListener, org.springframework.boot.test.mock.mockito.ResetMocksTestExecutionListener, org.springframework.test.context.web.ServletTestExecutionListener, org.springframework.test.context.support.DirtiesContextBeforeModesTestExecutionListener, org.springframework.test.context.support.DependencyInjectionTestExecutionListener, org.springframework.test.context.support.DirtiesContextTestExecutionListener, org.springframework.test.context.transaction.TransactionalTestExecutionListener, org.springframework.test.context.jdbc.SqlScriptsTestExecutionListener]
16:05:51.601 [Test worker] INFO org.springframework.boot.test.autoconfigure.web.servlet.WebMvcTestContextBootstrapper - Using TestExecutionListeners: [org.springframework.test.context.web.ServletTestExecutionListener@14652f89, org.springframework.test.context.support.DirtiesContextBeforeModesTestExecutionListener@7926aceb, org.springframework.boot.test.mock.mockito.MockitoTestExecutionListener@56d6eca2, org.springframework.boot.test.autoconfigure.SpringBootDependencyInjectionTestExecutionListener@1203b6c2, org.springframework.test.context.support.DirtiesContextTestExecutionListener@2f27ca6c, org.springframework.test.context.transaction.TransactionalTestExecutionListener@632a7a97, org.springframework.test.context.jdbc.SqlScriptsTestExecutionListener@2f839ac, org.springframework.security.test.context.support.WithSecurityContextTestExecutionListener@d422a97, org.springframework.security.test.context.support.ReactorContextTestExecutionListener@1c27f5f9, org.springframework.boot.test.autoconfigure.restdocs.RestDocsTestExecutionListener@2ce9ca28, org.springframework.boot.test.autoconfigure.web.client.MockRestServiceServerResetTestExecutionListener@6f1fa340, org.springframework.boot.test.autoconfigure.web.servlet.MockMvcPrintOnlyOnFailureTestExecutionListener@73153aa6, org.springframework.boot.test.autoconfigure.web.servlet.WebDriverTestExecutionListener@50be9100, org.springframework.boot.test.mock.mockito.ResetMocksTestExecutionListener@3264b9b5]
16:05:51.602 [Test worker] DEBUG org.springframework.test.annotation.ProfileValueUtils - Retrieved @ProfileValueSourceConfiguration [null] for test class [com.jojoldu.book.springboot.config.web.HelloControllerTest]
16:05:51.603 [Test worker] DEBUG org.springframework.test.annotation.ProfileValueUtils - Retrieved ProfileValueSource type [class org.springframework.test.annotation.SystemProfileValueSource] for class [com.jojoldu.book.springboot.config.web.HelloControllerTest]
16:05:51.603 [Test worker] DEBUG org.springframework.test.annotation.ProfileValueUtils - Retrieved @ProfileValueSourceConfiguration [null] for test class [com.jojoldu.book.springboot.config.web.HelloControllerTest]
16:05:51.603 [Test worker] DEBUG org.springframework.test.annotation.ProfileValueUtils - Retrieved ProfileValueSource type [class org.springframework.test.annotation.SystemProfileValueSource] for class [com.jojoldu.book.springboot.config.web.HelloControllerTest]
16:05:51.605 [Test worker] DEBUG org.springframework.test.context.support.AbstractDirtiesContextTestExecutionListener - Before test class: context [DefaultTestContext@2c3b58d9 testClass = HelloControllerTest, testInstance = [null], testMethod = [null], testException = [null], mergedContextConfiguration = [WebMergedContextConfiguration@3f893eec testClass = HelloControllerTest, locations = '{}', classes = '{class com.jojoldu.book.springboot.Application}', contextInitializerClasses = '[]', activeProfiles = '{}', propertySourceLocations = '{}', propertySourceProperties = '{org.springframework.boot.test.autoconfigure.web.servlet.WebMvcTestContextBootstrapper=true}', contextCustomizers = set[org.springframework.boot.test.autoconfigure.OverrideAutoConfigurationContextCustomizerFactory$DisableAutoConfigurationContextCustomizer@1d4fcc5e, org.springframework.boot.test.autoconfigure.filter.TypeExcludeFiltersContextCustomizer@b847887f, org.springframework.boot.test.autoconfigure.properties.PropertyMappingContextCustomizer@b6bdcd7e, org.springframework.boot.test.autoconfigure.web.servlet.WebDriverContextCustomizerFactory$Customizer@492ef011, [ImportsContextCustomizer@a901d04 key = [org.springframework.boot.autoconfigure.cache.CacheAutoConfiguration, org.springframework.boot.autoconfigure.context.MessageSourceAutoConfiguration, org.springframework.boot.autoconfigure.data.web.SpringDataWebAutoConfiguration, org.springframework.boot.autoconfigure.freemarker.FreeMarkerAutoConfiguration, org.springframework.boot.autoconfigure.groovy.template.GroovyTemplateAutoConfiguration, org.springframework.boot.autoconfigure.gson.GsonAutoConfiguration, org.springframework.boot.autoconfigure.hateoas.HypermediaAutoConfiguration, org.springframework.boot.autoconfigure.http.HttpMessageConvertersAutoConfiguration, org.springframework.boot.autoconfigure.jackson.JacksonAutoConfiguration, org.springframework.boot.autoconfigure.jsonb.JsonbAutoConfiguration, org.springframework.boot.autoconfigure.mustache.MustacheAutoConfiguration, org.springframework.boot.autoconfigure.task.TaskExecutionAutoConfiguration, org.springframework.boot.autoconfigure.thymeleaf.ThymeleafAutoConfiguration, org.springframework.boot.autoconfigure.validation.ValidationAutoConfiguration, org.springframework.boot.autoconfigure.web.servlet.error.ErrorMvcAutoConfiguration, org.springframework.boot.autoconfigure.web.servlet.WebMvcAutoConfiguration, org.springframework.boot.test.autoconfigure.web.servlet.MockMvcAutoConfiguration, org.springframework.boot.test.autoconfigure.web.servlet.MockMvcSecurityAutoConfiguration, org.springframework.boot.test.autoconfigure.web.servlet.MockMvcWebClientAutoConfiguration, org.springframework.boot.test.autoconfigure.web.servlet.MockMvcWebDriverAutoConfiguration]], org.springframework.boot.test.context.filter.ExcludeFilterContextCustomizer@4dd9882b, org.springframework.boot.test.json.DuplicateJsonObjectContextCustomizerFactory$DuplicateJsonObjectContextCustomizer@4849e7e5, org.springframework.boot.test.mock.mockito.MockitoContextCustomizer@0], resourceBasePath = 'src/main/webapp', contextLoader = 'org.springframework.boot.test.context.SpringBootContextLoader', parent = [null]], attributes = map[[empty]]], class annotated with @DirtiesContext [false] with mode [null].
16:05:51.605 [Test worker] DEBUG org.springframework.test.annotation.ProfileValueUtils - Retrieved @ProfileValueSourceConfiguration [null] for test class [com.jojoldu.book.springboot.config.web.HelloControllerTest]
16:05:51.606 [Test worker] DEBUG org.springframework.test.annotation.ProfileValueUtils - Retrieved ProfileValueSource type [class org.springframework.test.annotation.SystemProfileValueSource] for class [com.jojoldu.book.springboot.config.web.HelloControllerTest]
16:05:51.609 [Test worker] DEBUG org.springframework.test.context.support.DependencyInjectionTestExecutionListener - Performing dependency injection for test context [[DefaultTestContext@2c3b58d9 testClass = HelloControllerTest, testInstance = com.jojoldu.book.springboot.config.web.HelloControllerTest@59d13943, testMethod = [null], testException = [null], mergedContextConfiguration = [WebMergedContextConfiguration@3f893eec testClass = HelloControllerTest, locations = '{}', classes = '{class com.jojoldu.book.springboot.Application}', contextInitializerClasses = '[]', activeProfiles = '{}', propertySourceLocations = '{}', propertySourceProperties = '{org.springframework.boot.test.autoconfigure.web.servlet.WebMvcTestContextBootstrapper=true}', contextCustomizers = set[org.springframework.boot.test.autoconfigure.OverrideAutoConfigurationContextCustomizerFactory$DisableAutoConfigurationContextCustomizer@1d4fcc5e, org.springframework.boot.test.autoconfigure.filter.TypeExcludeFiltersContextCustomizer@b847887f, org.springframework.boot.test.autoconfigure.properties.PropertyMappingContextCustomizer@b6bdcd7e, org.springframework.boot.test.autoconfigure.web.servlet.WebDriverContextCustomizerFactory$Customizer@492ef011, [ImportsContextCustomizer@a901d04 key = [org.springframework.boot.autoconfigure.cache.CacheAutoConfiguration, org.springframework.boot.autoconfigure.context.MessageSourceAutoConfiguration, org.springframework.boot.autoconfigure.data.web.SpringDataWebAutoConfiguration, org.springframework.boot.autoconfigure.freemarker.FreeMarkerAutoConfiguration, org.springframework.boot.autoconfigure.groovy.template.GroovyTemplateAutoConfiguration, org.springframework.boot.autoconfigure.gson.GsonAutoConfiguration, org.springframework.boot.autoconfigure.hateoas.HypermediaAutoConfiguration, org.springframework.boot.autoconfigure.http.HttpMessageConvertersAutoConfiguration, org.springframework.boot.autoconfigure.jackson.JacksonAutoConfiguration, org.springframework.boot.autoconfigure.jsonb.JsonbAutoConfiguration, org.springframework.boot.autoconfigure.mustache.MustacheAutoConfiguration, org.springframework.boot.autoconfigure.task.TaskExecutionAutoConfiguration, org.springframework.boot.autoconfigure.thymeleaf.ThymeleafAutoConfiguration, org.springframework.boot.autoconfigure.validation.ValidationAutoConfiguration, org.springframework.boot.autoconfigure.web.servlet.error.ErrorMvcAutoConfiguration, org.springframework.boot.autoconfigure.web.servlet.WebMvcAutoConfiguration, org.springframework.boot.test.autoconfigure.web.servlet.MockMvcAutoConfiguration, org.springframework.boot.test.autoconfigure.web.servlet.MockMvcSecurityAutoConfiguration, org.springframework.boot.test.autoconfigure.web.servlet.MockMvcWebClientAutoConfiguration, org.springframework.boot.test.autoconfigure.web.servlet.MockMvcWebDriverAutoConfiguration]], org.springframework.boot.test.context.filter.ExcludeFilterContextCustomizer@4dd9882b, org.springframework.boot.test.json.DuplicateJsonObjectContextCustomizerFactory$DuplicateJsonObjectContextCustomizer@4849e7e5, org.springframework.boot.test.mock.mockito.MockitoContextCustomizer@0], resourceBasePath = 'src/main/webapp', contextLoader = 'org.springframework.boot.test.context.SpringBootContextLoader', parent = [null]], attributes = map[[empty]]]].
16:05:51.674 [Test worker] DEBUG org.springframework.test.context.support.TestPropertySourceUtils - Adding inlined properties to environment: {spring.jmx.enabled=false, org.springframework.boot.test.autoconfigure.web.servlet.WebMvcTestContextBootstrapper=true, server.port=-1}

  .   ____          _            __ _ _
 /\\ / ___'_ __ _ _(_)_ __  __ _ \ \ \ \
( ( )\___ | '_ | '_| | '_ \/ _` | \ \ \ \
 \\/  ___)| |_)| | | | | || (_| |  ) ) ) )
  '  |____| .__|_| |_|_| |_\__, | / / / /
 =========|_|==============|___/=/_/_/_/
 :: Spring Boot ::        (v2.1.7.RELEASE)

2022-04-15 16:05:51.946  INFO 6829 --- [    Test worker] c.j.b.s.config.web.HelloControllerTest   : Starting HelloControllerTest on JCui-Macmini.local with PID 6829 (started by jc in /Users/jc/Documents/study/spring/jojoldu)
2022-04-15 16:05:51.947  INFO 6829 --- [    Test worker] c.j.b.s.config.web.HelloControllerTest   : No active profile set, falling back to default profiles: default
2022-04-15 16:05:52.592  INFO 6829 --- [    Test worker] o.s.s.concurrent.ThreadPoolTaskExecutor  : Initializing ExecutorService 'applicationTaskExecutor'
2022-04-15 16:05:52.637  INFO 6829 --- [    Test worker] o.s.b.a.w.s.WelcomePageHandlerMapping    : Adding welcome page template: index
2022-04-15 16:05:52.820  INFO 6829 --- [    Test worker] .s.s.UserDetailsServiceAutoConfiguration : 

Using generated security password: a2d26dab-a08e-4528-89bd-d8b8a4ee9c65

2022-04-15 16:05:52.907  INFO 6829 --- [    Test worker] o.s.s.web.DefaultSecurityFilterChain     : Creating filter chain: any request, [org.springframework.security.web.context.request.async.WebAsyncManagerIntegrationFilter@791eeb0f, org.springframework.security.web.context.SecurityContextPersistenceFilter@56687ee5, org.springframework.security.web.header.HeaderWriterFilter@43567155, org.springframework.security.web.csrf.CsrfFilter@2a211eeb, org.springframework.security.web.authentication.logout.LogoutFilter@157db59b, org.springframework.security.web.authentication.UsernamePasswordAuthenticationFilter@7d84e872, org.springframework.security.web.authentication.ui.DefaultLoginPageGeneratingFilter@7aea304a, org.springframework.security.web.authentication.ui.DefaultLogoutPageGeneratingFilter@51c49da7, org.springframework.security.web.authentication.www.BasicAuthenticationFilter@7cdf867a, org.springframework.security.web.savedrequest.RequestCacheAwareFilter@69c6d5fb, org.springframework.security.web.servletapi.SecurityContextHolderAwareRequestFilter@2d66def7, org.springframework.security.web.authentication.AnonymousAuthenticationFilter@64b33abc, org.springframework.security.web.session.SessionManagementFilter@5ee9b852, org.springframework.security.web.access.ExceptionTranslationFilter@60f18c39, org.springframework.security.web.access.intercept.FilterSecurityInterceptor@4ffc5cbc]
2022-04-15 16:05:52.939  INFO 6829 --- [    Test worker] o.s.b.t.m.w.SpringBootMockServletContext : Initializing Spring TestDispatcherServlet ''
2022-04-15 16:05:52.939  INFO 6829 --- [    Test worker] o.s.t.web.servlet.TestDispatcherServlet  : Initializing Servlet ''
2022-04-15 16:05:52.946  INFO 6829 --- [    Test worker] o.s.t.web.servlet.TestDispatcherServlet  : Completed initialization in 7 ms
2022-04-15 16:05:52.977  INFO 6829 --- [    Test worker] c.j.b.s.config.web.HelloControllerTest   : Started HelloControllerTest in 1.298 seconds (JVM running for 1.853)
]]></system-out>
  <system-err><![CDATA[]]></system-err>
</testsuite>
