<?xml version="1.0" encoding="UTF-8"?>
<testsuite name="com.jojoldu.book.springboot.config.web.IndexControllerTest" tests="1" skipped="0" failures="0" errors="0" timestamp="2022-04-16T14:33:47" hostname="JCui-Macmini.local" time="0.14">
  <properties/>
  <testcase name="메인페이지_로딩()" classname="com.jojoldu.book.springboot.config.web.IndexControllerTest" time="0.14"/>
  <system-out><![CDATA[2022-04-16 23:33:45.614  INFO 12588 --- [    Test worker] .b.t.c.SpringBootTestContextBootstrapper : Neither @ContextConfiguration nor @ContextHierarchy found for test class [com.jojoldu.book.springboot.config.web.IndexControllerTest], using SpringBootContextLoader
2022-04-16 23:33:45.615  INFO 12588 --- [    Test worker] o.s.t.c.support.AbstractContextLoader    : Could not detect default resource locations for test class [com.jojoldu.book.springboot.config.web.IndexControllerTest]: no resource found for suffixes {-context.xml, Context.groovy}.
2022-04-16 23:33:45.615  INFO 12588 --- [    Test worker] t.c.s.AnnotationConfigContextLoaderUtils : Could not detect default configuration classes for test class [com.jojoldu.book.springboot.config.web.IndexControllerTest]: IndexControllerTest does not declare any static, non-private, non-final, nested classes annotated with @Configuration.
2022-04-16 23:33:45.616  INFO 12588 --- [    Test worker] .b.t.c.SpringBootTestContextBootstrapper : Found @SpringBootConfiguration com.jojoldu.book.springboot.Application for test class com.jojoldu.book.springboot.config.web.IndexControllerTest
2022-04-16 23:33:45.618  INFO 12588 --- [    Test worker] .b.t.c.SpringBootTestContextBootstrapper : Loaded default TestExecutionListener class names from location [META-INF/spring.factories]: [org.springframework.security.test.context.support.WithSecurityContextTestExecutionListener, org.springframework.security.test.context.support.ReactorContextTestExecutionListener, org.springframework.boot.test.autoconfigure.restdocs.RestDocsTestExecutionListener, org.springframework.boot.test.autoconfigure.web.client.MockRestServiceServerResetTestExecutionListener, org.springframework.boot.test.autoconfigure.web.servlet.MockMvcPrintOnlyOnFailureTestExecutionListener, org.springframework.boot.test.autoconfigure.web.servlet.WebDriverTestExecutionListener, org.springframework.boot.test.autoconfigure.webservices.client.MockWebServiceServerTestExecutionListener, org.springframework.boot.test.mock.mockito.MockitoTestExecutionListener, org.springframework.boot.test.mock.mockito.ResetMocksTestExecutionListener, org.springframework.test.context.web.ServletTestExecutionListener, org.springframework.test.context.support.DirtiesContextBeforeModesTestExecutionListener, org.springframework.test.context.support.DependencyInjectionTestExecutionListener, org.springframework.test.context.support.DirtiesContextTestExecutionListener, org.springframework.test.context.transaction.TransactionalTestExecutionListener, org.springframework.test.context.jdbc.SqlScriptsTestExecutionListener, org.springframework.test.context.event.EventPublishingTestExecutionListener]
2022-04-16 23:33:45.619  INFO 12588 --- [    Test worker] .b.t.c.SpringBootTestContextBootstrapper : Using TestExecutionListeners: [org.springframework.test.context.web.ServletTestExecutionListener@255703ea, org.springframework.test.context.support.DirtiesContextBeforeModesTestExecutionListener@301227e9, org.springframework.boot.test.mock.mockito.MockitoTestExecutionListener@5f705bf4, org.springframework.boot.test.autoconfigure.SpringBootDependencyInjectionTestExecutionListener@18f98260, org.springframework.test.context.support.DirtiesContextTestExecutionListener@5ac8ac6, org.springframework.test.context.transaction.TransactionalTestExecutionListener@2420d8f5, org.springframework.test.context.jdbc.SqlScriptsTestExecutionListener@79d2887e, org.springframework.security.test.context.support.WithSecurityContextTestExecutionListener@2d6cefa6, org.springframework.test.context.event.EventPublishingTestExecutionListener@4c77aa77, org.springframework.security.test.context.support.ReactorContextTestExecutionListener@6eb2247c, org.springframework.boot.test.autoconfigure.restdocs.RestDocsTestExecutionListener@3ced0ac, org.springframework.boot.test.autoconfigure.web.client.MockRestServiceServerResetTestExecutionListener@49951eac, org.springframework.boot.test.autoconfigure.web.servlet.MockMvcPrintOnlyOnFailureTestExecutionListener@38c021fb, org.springframework.boot.test.autoconfigure.web.servlet.WebDriverTestExecutionListener@472e735b, org.springframework.boot.test.autoconfigure.webservices.client.MockWebServiceServerTestExecutionListener@321080a2, org.springframework.boot.test.mock.mockito.ResetMocksTestExecutionListener@53919832]

  .   ____          _            __ _ _
 /\\ / ___'_ __ _ _(_)_ __  __ _ \ \ \ \
( ( )\___ | '_ | '_| | '_ \/ _` | \ \ \ \
 \\/  ___)| |_)| | | | | || (_| |  ) ) ) )
  '  |____| .__|_| |_|_| |_\__, | / / / /
 =========|_|==============|___/=/_/_/_/
 :: Spring Boot ::                (v2.4.1)

2022-04-16 23:33:45.647  INFO 12588 --- [    Test worker] c.j.b.s.config.web.IndexControllerTest   : Starting IndexControllerTest using Java 1.8.0_322 on JCui-Macmini.local with PID 12588 (started by jc in /Users/jc/Documents/study/spring/jojoldu)
2022-04-16 23:33:45.647  INFO 12588 --- [    Test worker] c.j.b.s.config.web.IndexControllerTest   : No active profile set, falling back to default profiles: default
2022-04-16 23:33:45.814  INFO 12588 --- [    Test worker] .s.d.r.c.RepositoryConfigurationDelegate : Bootstrapping Spring Data JPA repositories in DEFAULT mode.
2022-04-16 23:33:45.847  INFO 12588 --- [    Test worker] .s.d.r.c.RepositoryConfigurationDelegate : Finished Spring Data repository scanning in 28 ms. Found 2 JPA repository interfaces.
2022-04-16 23:33:46.135  INFO 12588 --- [    Test worker] o.s.b.w.embedded.tomcat.TomcatWebServer  : Tomcat initialized with port(s): 0 (http)
2022-04-16 23:33:46.148  INFO 12588 --- [    Test worker] o.apache.catalina.core.StandardService   : Starting service [Tomcat]
2022-04-16 23:33:46.148  INFO 12588 --- [    Test worker] org.apache.catalina.core.StandardEngine  : Starting Servlet engine: [Apache Tomcat/9.0.41]
2022-04-16 23:33:46.187  INFO 12588 --- [    Test worker] o.a.c.c.C.[Tomcat].[localhost].[/]       : Initializing Spring embedded WebApplicationContext
2022-04-16 23:33:46.187  INFO 12588 --- [    Test worker] w.s.c.ServletWebServerApplicationContext : Root WebApplicationContext: initialization completed in 537 ms
2022-04-16 23:33:46.223  INFO 12588 --- [    Test worker] com.zaxxer.hikari.HikariDataSource       : HikariPool-1 - Starting...
2022-04-16 23:33:46.321  INFO 12588 --- [    Test worker] com.zaxxer.hikari.HikariDataSource       : HikariPool-1 - Start completed.
2022-04-16 23:33:46.325  INFO 12588 --- [    Test worker] o.s.b.a.h2.H2ConsoleAutoConfiguration    : H2 console available at '/h2-console'. Database available at 'jdbc:h2:mem:testdb'
2022-04-16 23:33:46.471  INFO 12588 --- [    Test worker] o.hibernate.jpa.internal.util.LogHelper  : HHH000204: Processing PersistenceUnitInfo [name: default]
2022-04-16 23:33:46.507  INFO 12588 --- [    Test worker] org.hibernate.Version                    : HHH000412: Hibernate ORM core version 5.4.25.Final
2022-04-16 23:33:46.541  INFO 12588 --- [    Test worker] o.hibernate.annotations.common.Version   : HCANN000001: Hibernate Commons Annotations {5.1.2.Final}
2022-04-16 23:33:46.633  INFO 12588 --- [    Test worker] org.hibernate.dialect.Dialect            : HHH000400: Using dialect: org.hibernate.dialect.H2Dialect
Hibernate: drop table if exists posts CASCADE 
Hibernate: drop table if exists user CASCADE 
Hibernate: create table posts (id bigint generated by default as identity, created_date timestamp, modified_date timestamp, author varchar(255), content TEXT not null, title varchar(500) not null, primary key (id))
Hibernate: create table user (id bigint generated by default as identity, created_date timestamp, modified_date timestamp, email varchar(255) not null, name varchar(255) not null, picture varchar(255), role varchar(255) not null, primary key (id))
2022-04-16 23:33:47.099  INFO 12588 --- [    Test worker] o.h.e.t.j.p.i.JtaPlatformInitiator       : HHH000490: Using JtaPlatform implementation: [org.hibernate.engine.transaction.jta.platform.internal.NoJtaPlatform]
2022-04-16 23:33:47.103  INFO 12588 --- [    Test worker] j.LocalContainerEntityManagerFactoryBean : Initialized JPA EntityManagerFactory for persistence unit 'default'
2022-04-16 23:33:47.398  WARN 12588 --- [    Test worker] JpaBaseConfiguration$JpaWebConfiguration : spring.jpa.open-in-view is enabled by default. Therefore, database queries may be performed during view rendering. Explicitly configure spring.jpa.open-in-view to disable this warning
2022-04-16 23:33:47.581  INFO 12588 --- [    Test worker] o.s.s.web.DefaultSecurityFilterChain     : Will secure any request with [org.springframework.security.web.context.request.async.WebAsyncManagerIntegrationFilter@325f0551, org.springframework.security.web.context.SecurityContextPersistenceFilter@3e4a7322, org.springframework.security.web.header.HeaderWriterFilter@491081ae, org.springframework.security.web.authentication.logout.LogoutFilter@7fad33f5, org.springframework.security.oauth2.client.web.OAuth2AuthorizationRequestRedirectFilter@30db3a5b, org.springframework.security.oauth2.client.web.OAuth2LoginAuthenticationFilter@7082d32b, org.springframework.security.web.authentication.ui.DefaultLoginPageGeneratingFilter@4766aa97, org.springframework.security.web.authentication.ui.DefaultLogoutPageGeneratingFilter@63a1e108, org.springframework.security.web.savedrequest.RequestCacheAwareFilter@55800410, org.springframework.security.web.servletapi.SecurityContextHolderAwareRequestFilter@18d0f2ff, org.springframework.security.web.authentication.AnonymousAuthenticationFilter@a4116c5, org.springframework.security.web.session.SessionManagementFilter@26ff22d0, org.springframework.security.web.access.ExceptionTranslationFilter@b2c01aa, org.springframework.security.web.access.intercept.FilterSecurityInterceptor@7885254f]
2022-04-16 23:33:47.635  INFO 12588 --- [    Test worker] o.s.s.concurrent.ThreadPoolTaskExecutor  : Initializing ExecutorService 'applicationTaskExecutor'
2022-04-16 23:33:47.654  INFO 12588 --- [    Test worker] o.s.b.a.w.s.WelcomePageHandlerMapping    : Adding welcome page template: index
2022-04-16 23:33:47.774  INFO 12588 --- [    Test worker] o.s.b.w.embedded.tomcat.TomcatWebServer  : Tomcat started on port(s): 53050 (http) with context path ''
2022-04-16 23:33:47.782  INFO 12588 --- [    Test worker] s.a.ScheduledAnnotationBeanPostProcessor : No TaskScheduler/ScheduledExecutorService bean found for scheduled processing
2022-04-16 23:33:47.786  INFO 12588 --- [    Test worker] c.j.b.s.config.web.IndexControllerTest   : Started IndexControllerTest in 2.165 seconds (JVM running for 4.255)
2022-04-16 23:33:47.848  INFO 12588 --- [o-auto-1-exec-2] o.a.c.c.C.[Tomcat].[localhost].[/]       : Initializing Spring DispatcherServlet 'dispatcherServlet'
2022-04-16 23:33:47.848  INFO 12588 --- [o-auto-1-exec-2] o.s.web.servlet.DispatcherServlet        : Initializing Servlet 'dispatcherServlet'
2022-04-16 23:33:47.849  INFO 12588 --- [o-auto-1-exec-2] o.s.web.servlet.DispatcherServlet        : Completed initialization in 0 ms
Hibernate: select posts0_.id as id1_0_, posts0_.created_date as created_2_0_, posts0_.modified_date as modified3_0_, posts0_.author as author4_0_, posts0_.content as content5_0_, posts0_.title as title6_0_ from posts posts0_ order by posts0_.id DESC
]]></system-out>
  <system-err><![CDATA[]]></system-err>
</testsuite>
