<?xml version="1.0" encoding="UTF-8"?>
<testsuite name="com.jojoldu.book.springboot.config.domain.posts.PostsRepositoryTest" tests="2" skipped="0" failures="0" errors="0" timestamp="2022-04-16T10:21:41" hostname="JCui-Macmini.local" time="0.018">
  <properties/>
  <testcase name="게시글저장_불러오기()" classname="com.jojoldu.book.springboot.config.domain.posts.PostsRepositoryTest" time="0.01"/>
  <testcase name="BaseTimeEntity_등록()" classname="com.jojoldu.book.springboot.config.domain.posts.PostsRepositoryTest" time="0.007"/>
  <system-out><![CDATA[2022-04-16 19:21:41.040  INFO 5573 --- [    Test worker] .b.t.c.SpringBootTestContextBootstrapper : Neither @ContextConfiguration nor @ContextHierarchy found for test class [com.jojoldu.book.springboot.config.domain.posts.PostsRepositoryTest], using SpringBootContextLoader
2022-04-16 19:21:41.041  INFO 5573 --- [    Test worker] o.s.t.c.support.AbstractContextLoader    : Could not detect default resource locations for test class [com.jojoldu.book.springboot.config.domain.posts.PostsRepositoryTest]: no resource found for suffixes {-context.xml, Context.groovy}.
2022-04-16 19:21:41.041  INFO 5573 --- [    Test worker] t.c.s.AnnotationConfigContextLoaderUtils : Could not detect default configuration classes for test class [com.jojoldu.book.springboot.config.domain.posts.PostsRepositoryTest]: PostsRepositoryTest does not declare any static, non-private, non-final, nested classes annotated with @Configuration.
2022-04-16 19:21:41.045  INFO 5573 --- [    Test worker] .b.t.c.SpringBootTestContextBootstrapper : Found @SpringBootConfiguration com.jojoldu.book.springboot.Application for test class com.jojoldu.book.springboot.config.domain.posts.PostsRepositoryTest
2022-04-16 19:21:41.047  INFO 5573 --- [    Test worker] .b.t.c.SpringBootTestContextBootstrapper : Loaded default TestExecutionListener class names from location [META-INF/spring.factories]: [org.springframework.security.test.context.support.WithSecurityContextTestExecutionListener, org.springframework.security.test.context.support.ReactorContextTestExecutionListener, org.springframework.boot.test.autoconfigure.restdocs.RestDocsTestExecutionListener, org.springframework.boot.test.autoconfigure.web.client.MockRestServiceServerResetTestExecutionListener, org.springframework.boot.test.autoconfigure.web.servlet.MockMvcPrintOnlyOnFailureTestExecutionListener, org.springframework.boot.test.autoconfigure.web.servlet.WebDriverTestExecutionListener, org.springframework.boot.test.autoconfigure.webservices.client.MockWebServiceServerTestExecutionListener, org.springframework.boot.test.mock.mockito.MockitoTestExecutionListener, org.springframework.boot.test.mock.mockito.ResetMocksTestExecutionListener, org.springframework.test.context.web.ServletTestExecutionListener, org.springframework.test.context.support.DirtiesContextBeforeModesTestExecutionListener, org.springframework.test.context.support.DependencyInjectionTestExecutionListener, org.springframework.test.context.support.DirtiesContextTestExecutionListener, org.springframework.test.context.transaction.TransactionalTestExecutionListener, org.springframework.test.context.jdbc.SqlScriptsTestExecutionListener, org.springframework.test.context.event.EventPublishingTestExecutionListener]
2022-04-16 19:21:41.048  INFO 5573 --- [    Test worker] .b.t.c.SpringBootTestContextBootstrapper : Using TestExecutionListeners: [org.springframework.test.context.web.ServletTestExecutionListener@44100fc7, org.springframework.test.context.support.DirtiesContextBeforeModesTestExecutionListener@3a101347, org.springframework.boot.test.mock.mockito.MockitoTestExecutionListener@3dd78325, org.springframework.boot.test.autoconfigure.SpringBootDependencyInjectionTestExecutionListener@65e0c0a, org.springframework.test.context.support.DirtiesContextTestExecutionListener@42745531, org.springframework.test.context.transaction.TransactionalTestExecutionListener@7844fc13, org.springframework.test.context.jdbc.SqlScriptsTestExecutionListener@790b8695, org.springframework.security.test.context.support.WithSecurityContextTestExecutionListener@fc3ebe2, org.springframework.test.context.event.EventPublishingTestExecutionListener@6ffefaf6, org.springframework.security.test.context.support.ReactorContextTestExecutionListener@3085377e, org.springframework.boot.test.autoconfigure.restdocs.RestDocsTestExecutionListener@159f30d5, org.springframework.boot.test.autoconfigure.web.client.MockRestServiceServerResetTestExecutionListener@593457f, org.springframework.boot.test.autoconfigure.web.servlet.MockMvcPrintOnlyOnFailureTestExecutionListener@1d222671, org.springframework.boot.test.autoconfigure.web.servlet.WebDriverTestExecutionListener@485cc6c, org.springframework.boot.test.autoconfigure.webservices.client.MockWebServiceServerTestExecutionListener@68f04db1, org.springframework.boot.test.mock.mockito.ResetMocksTestExecutionListener@77d7456d]

  .   ____          _            __ _ _
 /\\ / ___'_ __ _ _(_)_ __  __ _ \ \ \ \
( ( )\___ | '_ | '_| | '_ \/ _` | \ \ \ \
 \\/  ___)| |_)| | | | | || (_| |  ) ) ) )
  '  |____| .__|_| |_|_| |_\__, | / / / /
 =========|_|==============|___/=/_/_/_/
 :: Spring Boot ::                (v2.4.1)

2022-04-16 19:21:41.060  INFO 5573 --- [    Test worker] c.j.b.s.c.d.posts.PostsRepositoryTest    : Starting PostsRepositoryTest using Java 1.8.0_322 on JCui-Macmini.local with PID 5573 (started by jc in /Users/jc/Documents/study/spring/jojoldu)
2022-04-16 19:21:41.061  INFO 5573 --- [    Test worker] c.j.b.s.c.d.posts.PostsRepositoryTest    : No active profile set, falling back to default profiles: default
2022-04-16 19:21:41.176  INFO 5573 --- [    Test worker] .s.d.r.c.RepositoryConfigurationDelegate : Bootstrapping Spring Data JPA repositories in DEFAULT mode.
2022-04-16 19:21:41.184  INFO 5573 --- [    Test worker] .s.d.r.c.RepositoryConfigurationDelegate : Finished Spring Data repository scanning in 7 ms. Found 2 JPA repository interfaces.
2022-04-16 19:21:41.286  INFO 5573 --- [    Test worker] com.zaxxer.hikari.HikariDataSource       : HikariPool-2 - Starting...
2022-04-16 19:21:41.287  INFO 5573 --- [    Test worker] com.zaxxer.hikari.HikariDataSource       : HikariPool-2 - Start completed.
2022-04-16 19:21:41.293  INFO 5573 --- [    Test worker] o.hibernate.jpa.internal.util.LogHelper  : HHH000204: Processing PersistenceUnitInfo [name: default]
2022-04-16 19:21:41.295  INFO 5573 --- [    Test worker] org.hibernate.dialect.Dialect            : HHH000400: Using dialect: org.hibernate.dialect.H2Dialect
Hibernate: drop table if exists posts CASCADE 
Hibernate: drop table if exists user CASCADE 
Hibernate: create table posts (id bigint generated by default as identity, created_date timestamp, modified_date timestamp, author varchar(255), content TEXT not null, title varchar(500) not null, primary key (id))
Hibernate: create table user (id bigint generated by default as identity, created_date timestamp, modified_date timestamp, email varchar(255) not null, name varchar(255) not null, picture varchar(255), role varchar(255) not null, primary key (id))
2022-04-16 19:21:41.327  INFO 5573 --- [    Test worker] o.h.e.t.j.p.i.JtaPlatformInitiator       : HHH000490: Using JtaPlatform implementation: [org.hibernate.engine.transaction.jta.platform.internal.NoJtaPlatform]
2022-04-16 19:21:41.327  INFO 5573 --- [    Test worker] j.LocalContainerEntityManagerFactoryBean : Initialized JPA EntityManagerFactory for persistence unit 'default'
2022-04-16 19:21:41.384  WARN 5573 --- [    Test worker] JpaBaseConfiguration$JpaWebConfiguration : spring.jpa.open-in-view is enabled by default. Therefore, database queries may be performed during view rendering. Explicitly configure spring.jpa.open-in-view to disable this warning
2022-04-16 19:21:41.452  INFO 5573 --- [    Test worker] o.s.s.web.DefaultSecurityFilterChain     : Will secure any request with [org.springframework.security.web.context.request.async.WebAsyncManagerIntegrationFilter@4e435111, org.springframework.security.web.context.SecurityContextPersistenceFilter@ae02c0b, org.springframework.security.web.header.HeaderWriterFilter@15230d5, org.springframework.security.web.authentication.logout.LogoutFilter@5dc234e1, org.springframework.security.oauth2.client.web.OAuth2AuthorizationRequestRedirectFilter@4149d8cb, org.springframework.security.oauth2.client.web.OAuth2LoginAuthenticationFilter@5916b8ff, org.springframework.security.web.authentication.ui.DefaultLoginPageGeneratingFilter@7f9ab674, org.springframework.security.web.authentication.ui.DefaultLogoutPageGeneratingFilter@3504b4, org.springframework.security.web.savedrequest.RequestCacheAwareFilter@1c16ad96, org.springframework.security.web.servletapi.SecurityContextHolderAwareRequestFilter@469f61c6, org.springframework.security.web.authentication.AnonymousAuthenticationFilter@f351bf9, org.springframework.security.web.session.SessionManagementFilter@1a247302, org.springframework.security.web.access.ExceptionTranslationFilter@75c7d331, org.springframework.security.web.access.intercept.FilterSecurityInterceptor@bd8bc19]
2022-04-16 19:21:41.532  INFO 5573 --- [    Test worker] o.s.s.concurrent.ThreadPoolTaskExecutor  : Initializing ExecutorService 'applicationTaskExecutor'
2022-04-16 19:21:41.540  INFO 5573 --- [    Test worker] o.s.b.a.h2.H2ConsoleAutoConfiguration    : H2 console available at '/h2-console'. Database available at 'jdbc:h2:mem:testdb'
2022-04-16 19:21:41.549  INFO 5573 --- [    Test worker] o.s.b.a.w.s.WelcomePageHandlerMapping    : Adding welcome page template: index
2022-04-16 19:21:41.648  INFO 5573 --- [    Test worker] s.a.ScheduledAnnotationBeanPostProcessor : No TaskScheduler/ScheduledExecutorService bean found for scheduled processing
2022-04-16 19:21:41.649  INFO 5573 --- [    Test worker] c.j.b.s.c.d.posts.PostsRepositoryTest    : Started PostsRepositoryTest in 0.599 seconds (JVM running for 5.26)
Hibernate: insert into posts (id, created_date, modified_date, author, content, title) values (null, ?, ?, ?, ?, ?)
Hibernate: select posts0_.id as id1_0_, posts0_.created_date as created_2_0_, posts0_.modified_date as modified3_0_, posts0_.author as author4_0_, posts0_.content as content5_0_, posts0_.title as title6_0_ from posts posts0_
Hibernate: select posts0_.id as id1_0_, posts0_.created_date as created_2_0_, posts0_.modified_date as modified3_0_, posts0_.author as author4_0_, posts0_.content as content5_0_, posts0_.title as title6_0_ from posts posts0_
Hibernate: delete from posts where id=?
Hibernate: insert into posts (id, created_date, modified_date, author, content, title) values (null, ?, ?, ?, ?, ?)
Hibernate: select posts0_.id as id1_0_, posts0_.created_date as created_2_0_, posts0_.modified_date as modified3_0_, posts0_.author as author4_0_, posts0_.content as content5_0_, posts0_.title as title6_0_ from posts posts0_
>>>>>>>>> createDate=2022-04-16T19:21:41.661, modifiedDate=2022-04-16T19:21:41.661
Hibernate: select posts0_.id as id1_0_, posts0_.created_date as created_2_0_, posts0_.modified_date as modified3_0_, posts0_.author as author4_0_, posts0_.content as content5_0_, posts0_.title as title6_0_ from posts posts0_
Hibernate: delete from posts where id=?
]]></system-out>
  <system-err><![CDATA[]]></system-err>
</testsuite>
