<?xml version="1.0" encoding="UTF-8"?>
<testsuite name="com.jojoldu.book.springboot.config.domain.posts.PostsRepositoryTest" tests="2" skipped="0" failures="0" errors="0" timestamp="2022-04-15T07:05:56" hostname="JCui-Macmini.local" time="0.03">
  <properties/>
  <testcase name="게시글저장_불러오기" classname="com.jojoldu.book.springboot.config.domain.posts.PostsRepositoryTest" time="0.021"/>
  <testcase name="BaseTimeEntity_등록" classname="com.jojoldu.book.springboot.config.domain.posts.PostsRepositoryTest" time="0.008"/>
  <system-out><![CDATA[2022-04-15 16:05:55.839  INFO 6829 --- [    Test worker] .b.t.c.SpringBootTestContextBootstrapper : Neither @ContextConfiguration nor @ContextHierarchy found for test class [com.jojoldu.book.springboot.config.domain.posts.PostsRepositoryTest], using SpringBootContextLoader
2022-04-15 16:05:55.839  INFO 6829 --- [    Test worker] o.s.t.c.support.AbstractContextLoader    : Could not detect default resource locations for test class [com.jojoldu.book.springboot.config.domain.posts.PostsRepositoryTest]: no resource found for suffixes {-context.xml, Context.groovy}.
2022-04-15 16:05:55.839  INFO 6829 --- [    Test worker] t.c.s.AnnotationConfigContextLoaderUtils : Could not detect default configuration classes for test class [com.jojoldu.book.springboot.config.domain.posts.PostsRepositoryTest]: PostsRepositoryTest does not declare any static, non-private, non-final, nested classes annotated with @Configuration.
2022-04-15 16:05:55.844  INFO 6829 --- [    Test worker] .b.t.c.SpringBootTestContextBootstrapper : Found @SpringBootConfiguration com.jojoldu.book.springboot.Application for test class com.jojoldu.book.springboot.config.domain.posts.PostsRepositoryTest
2022-04-15 16:05:55.845  INFO 6829 --- [    Test worker] .b.t.c.SpringBootTestContextBootstrapper : Loaded default TestExecutionListener class names from location [META-INF/spring.factories]: [org.springframework.security.test.context.support.WithSecurityContextTestExecutionListener, org.springframework.security.test.context.support.ReactorContextTestExecutionListener, org.springframework.boot.test.autoconfigure.restdocs.RestDocsTestExecutionListener, org.springframework.boot.test.autoconfigure.web.client.MockRestServiceServerResetTestExecutionListener, org.springframework.boot.test.autoconfigure.web.servlet.MockMvcPrintOnlyOnFailureTestExecutionListener, org.springframework.boot.test.autoconfigure.web.servlet.WebDriverTestExecutionListener, org.springframework.boot.test.mock.mockito.MockitoTestExecutionListener, org.springframework.boot.test.mock.mockito.ResetMocksTestExecutionListener, org.springframework.test.context.web.ServletTestExecutionListener, org.springframework.test.context.support.DirtiesContextBeforeModesTestExecutionListener, org.springframework.test.context.support.DependencyInjectionTestExecutionListener, org.springframework.test.context.support.DirtiesContextTestExecutionListener, org.springframework.test.context.transaction.TransactionalTestExecutionListener, org.springframework.test.context.jdbc.SqlScriptsTestExecutionListener]
2022-04-15 16:05:55.846  INFO 6829 --- [    Test worker] .b.t.c.SpringBootTestContextBootstrapper : Using TestExecutionListeners: [org.springframework.test.context.web.ServletTestExecutionListener@6e93de94, org.springframework.test.context.support.DirtiesContextBeforeModesTestExecutionListener@65588703, org.springframework.boot.test.mock.mockito.MockitoTestExecutionListener@165ff0c9, org.springframework.boot.test.autoconfigure.SpringBootDependencyInjectionTestExecutionListener@3ba16ce8, org.springframework.test.context.support.DirtiesContextTestExecutionListener@4b367276, org.springframework.test.context.transaction.TransactionalTestExecutionListener@6af7948c, org.springframework.test.context.jdbc.SqlScriptsTestExecutionListener@3c7f8a3, org.springframework.security.test.context.support.WithSecurityContextTestExecutionListener@3331021f, org.springframework.security.test.context.support.ReactorContextTestExecutionListener@4bec73cd, org.springframework.boot.test.autoconfigure.restdocs.RestDocsTestExecutionListener@1d69cdc8, org.springframework.boot.test.autoconfigure.web.client.MockRestServiceServerResetTestExecutionListener@21d72c26, org.springframework.boot.test.autoconfigure.web.servlet.MockMvcPrintOnlyOnFailureTestExecutionListener@1acde3f9, org.springframework.boot.test.autoconfigure.web.servlet.WebDriverTestExecutionListener@32179976, org.springframework.boot.test.mock.mockito.ResetMocksTestExecutionListener@61431571]

  .   ____          _            __ _ _
 /\\ / ___'_ __ _ _(_)_ __  __ _ \ \ \ \
( ( )\___ | '_ | '_| | '_ \/ _` | \ \ \ \
 \\/  ___)| |_)| | | | | || (_| |  ) ) ) )
  '  |____| .__|_| |_|_| |_\__, | / / / /
 =========|_|==============|___/=/_/_/_/
 :: Spring Boot ::        (v2.1.7.RELEASE)

2022-04-15 16:05:55.853  INFO 6829 --- [    Test worker] c.j.b.s.c.d.posts.PostsRepositoryTest    : Starting PostsRepositoryTest on JCui-Macmini.local with PID 6829 (started by jc in /Users/jc/Documents/study/spring/jojoldu)
2022-04-15 16:05:55.853  INFO 6829 --- [    Test worker] c.j.b.s.c.d.posts.PostsRepositoryTest    : No active profile set, falling back to default profiles: default
2022-04-15 16:05:55.948  INFO 6829 --- [    Test worker] .s.d.r.c.RepositoryConfigurationDelegate : Bootstrapping Spring Data repositories in DEFAULT mode.
2022-04-15 16:05:55.954  INFO 6829 --- [    Test worker] .s.d.r.c.RepositoryConfigurationDelegate : Finished Spring Data repository scanning in 6ms. Found 2 repository interfaces.
2022-04-15 16:05:55.995  INFO 6829 --- [    Test worker] trationDelegate$BeanPostProcessorChecker : Bean 'org.springframework.transaction.annotation.ProxyTransactionManagementConfiguration' of type [org.springframework.transaction.annotation.ProxyTransactionManagementConfiguration$$EnhancerBySpringCGLIB$$7d608193] is not eligible for getting processed by all BeanPostProcessors (for example: not eligible for auto-proxying)
2022-04-15 16:05:56.035  INFO 6829 --- [    Test worker] com.zaxxer.hikari.HikariDataSource       : HikariPool-2 - Starting...
2022-04-15 16:05:56.035  INFO 6829 --- [    Test worker] com.zaxxer.hikari.HikariDataSource       : HikariPool-2 - Start completed.
2022-04-15 16:05:56.047  INFO 6829 --- [    Test worker] o.hibernate.jpa.internal.util.LogHelper  : HHH000204: Processing PersistenceUnitInfo [
	name: default
	...]
2022-04-15 16:05:56.052  INFO 6829 --- [    Test worker] org.hibernate.dialect.Dialect            : HHH000400: Using dialect: org.hibernate.dialect.MySQL5InnoDBDialect
Hibernate: drop table if exists posts
Hibernate: drop table if exists user
Hibernate: create table posts (id bigint not null auto_increment, created_date datetime, modified_date datetime, author varchar(255), content TEXT not null, title varchar(500) not null, primary key (id)) engine=InnoDB
Hibernate: create table user (id bigint not null auto_increment, created_date datetime, modified_date datetime, email varchar(255) not null, name varchar(255) not null, picture varchar(255), role varchar(255) not null, primary key (id)) engine=InnoDB
2022-04-15 16:05:56.085  INFO 6829 --- [    Test worker] o.h.t.schema.internal.SchemaCreatorImpl  : HHH000476: Executing import script 'org.hibernate.tool.schema.internal.exec.ScriptSourceInputNonExistentImpl@435bf8b4'
2022-04-15 16:05:56.085  INFO 6829 --- [    Test worker] j.LocalContainerEntityManagerFactoryBean : Initialized JPA EntityManagerFactory for persistence unit 'default'
2022-04-15 16:05:56.212  INFO 6829 --- [    Test worker] o.h.h.i.QueryTranslatorFactoryInitiator  : HHH000397: Using ASTQueryTranslatorFactory
2022-04-15 16:05:56.296  INFO 6829 --- [    Test worker] o.s.s.web.DefaultSecurityFilterChain     : Creating filter chain: any request, [org.springframework.security.web.context.request.async.WebAsyncManagerIntegrationFilter@720846a2, org.springframework.security.web.context.SecurityContextPersistenceFilter@3882a3b3, org.springframework.security.web.header.HeaderWriterFilter@4456af79, org.springframework.security.web.authentication.logout.LogoutFilter@6ab9dfce, org.springframework.security.oauth2.client.web.OAuth2AuthorizationRequestRedirectFilter@627392c8, org.springframework.security.oauth2.client.web.OAuth2LoginAuthenticationFilter@7557fcf2, org.springframework.security.web.authentication.ui.DefaultLoginPageGeneratingFilter@470b73a7, org.springframework.security.web.authentication.ui.DefaultLogoutPageGeneratingFilter@1e10cd49, org.springframework.security.web.savedrequest.RequestCacheAwareFilter@3e23568, org.springframework.security.web.servletapi.SecurityContextHolderAwareRequestFilter@72be6f0a, org.springframework.security.web.authentication.AnonymousAuthenticationFilter@600bf991, org.springframework.security.web.session.SessionManagementFilter@b17c2f8, org.springframework.security.web.access.ExceptionTranslationFilter@41cf4281, org.springframework.security.web.access.intercept.FilterSecurityInterceptor@1d3e295b]
2022-04-15 16:05:56.437  INFO 6829 --- [    Test worker] o.s.s.concurrent.ThreadPoolTaskExecutor  : Initializing ExecutorService 'applicationTaskExecutor'
2022-04-15 16:05:56.444  WARN 6829 --- [    Test worker] aWebConfiguration$JpaWebMvcConfiguration : spring.jpa.open-in-view is enabled by default. Therefore, database queries may be performed during view rendering. Explicitly configure spring.jpa.open-in-view to disable this warning
2022-04-15 16:05:56.458  INFO 6829 --- [    Test worker] o.s.b.a.w.s.WelcomePageHandlerMapping    : Adding welcome page template: index
2022-04-15 16:05:56.677  INFO 6829 --- [    Test worker] s.a.ScheduledAnnotationBeanPostProcessor : No TaskScheduler/ScheduledExecutorService bean found for scheduled processing
2022-04-15 16:05:56.679  INFO 6829 --- [    Test worker] c.j.b.s.c.d.posts.PostsRepositoryTest    : Started PostsRepositoryTest in 0.833 seconds (JVM running for 5.555)
Hibernate: insert into posts (created_date, modified_date, author, content, title) values (?, ?, ?, ?, ?)
Hibernate: select posts0_.id as id1_0_, posts0_.created_date as created_2_0_, posts0_.modified_date as modified3_0_, posts0_.author as author4_0_, posts0_.content as content5_0_, posts0_.title as title6_0_ from posts posts0_
Hibernate: select posts0_.id as id1_0_, posts0_.created_date as created_2_0_, posts0_.modified_date as modified3_0_, posts0_.author as author4_0_, posts0_.content as content5_0_, posts0_.title as title6_0_ from posts posts0_
Hibernate: delete from posts where id=?
Hibernate: insert into posts (created_date, modified_date, author, content, title) values (?, ?, ?, ?, ?)
Hibernate: select posts0_.id as id1_0_, posts0_.created_date as created_2_0_, posts0_.modified_date as modified3_0_, posts0_.author as author4_0_, posts0_.content as content5_0_, posts0_.title as title6_0_ from posts posts0_
>>>>>>>>> createDate=2022-04-15T16:05:56.707, modifiedDate=2022-04-15T16:05:56.707
Hibernate: select posts0_.id as id1_0_, posts0_.created_date as created_2_0_, posts0_.modified_date as modified3_0_, posts0_.author as author4_0_, posts0_.content as content5_0_, posts0_.title as title6_0_ from posts posts0_
Hibernate: delete from posts where id=?
]]></system-out>
  <system-err><![CDATA[]]></system-err>
</testsuite>
