<?xml version="1.0" encoding="UTF-8"?>
<testsuite name="com.jojoldu.book.springboot.config.web.HelloControllerTest" tests="2" skipped="0" failures="0" errors="0" timestamp="2022-04-14T11:26:02" hostname="JCui-Macmini.local" time="0.213">
  <properties/>
  <testcase name="hello가_리턴된다" classname="com.jojoldu.book.springboot.config.web.HelloControllerTest" time="0.158"/>
  <testcase name="helloDto가_리턴된다" classname="com.jojoldu.book.springboot.config.web.HelloControllerTest" time="0.054"/>
  <system-out><![CDATA[20:26:00.974 [Test worker] DEBUG org.springframework.test.context.junit4.SpringJUnit4ClassRunner - SpringJUnit4ClassRunner constructor called with [class com.jojoldu.book.springboot.config.web.HelloControllerTest]
20:26:00.977 [Test worker] DEBUG org.springframework.test.context.BootstrapUtils - Instantiating CacheAwareContextLoaderDelegate from class [org.springframework.test.context.cache.DefaultCacheAwareContextLoaderDelegate]
20:26:00.980 [Test worker] DEBUG org.springframework.test.context.BootstrapUtils - Instantiating BootstrapContext using constructor [public org.springframework.test.context.support.DefaultBootstrapContext(java.lang.Class,org.springframework.test.context.CacheAwareContextLoaderDelegate)]
20:26:00.989 [Test worker] DEBUG org.springframework.test.context.BootstrapUtils - Instantiating TestContextBootstrapper for test class [com.jojoldu.book.springboot.config.web.HelloControllerTest] from class [org.springframework.boot.test.autoconfigure.web.servlet.WebMvcTestContextBootstrapper]
20:26:00.996 [Test worker] INFO org.springframework.boot.test.autoconfigure.web.servlet.WebMvcTestContextBootstrapper - Neither @ContextConfiguration nor @ContextHierarchy found for test class [com.jojoldu.book.springboot.config.web.HelloControllerTest], using SpringBootContextLoader
20:26:00.997 [Test worker] DEBUG org.springframework.test.context.support.AbstractContextLoader - Did not detect default resource location for test class [com.jojoldu.book.springboot.config.web.HelloControllerTest]: class path resource [com/jojoldu/book/springboot/config/web/HelloControllerTest-context.xml] does not exist
20:26:00.997 [Test worker] DEBUG org.springframework.test.context.support.AbstractContextLoader - Did not detect default resource location for test class [com.jojoldu.book.springboot.config.web.HelloControllerTest]: class path resource [com/jojoldu/book/springboot/config/web/HelloControllerTestContext.groovy] does not exist
20:26:00.997 [Test worker] INFO org.springframework.test.context.support.AbstractContextLoader - Could not detect default resource locations for test class [com.jojoldu.book.springboot.config.web.HelloControllerTest]: no resource found for suffixes {-context.xml, Context.groovy}.
20:26:00.998 [Test worker] INFO org.springframework.test.context.support.AnnotationConfigContextLoaderUtils - Could not detect default configuration classes for test class [com.jojoldu.book.springboot.config.web.HelloControllerTest]: HelloControllerTest does not declare any static, non-private, non-final, nested classes annotated with @Configuration.
20:26:01.025 [Test worker] DEBUG org.springframework.test.context.support.ActiveProfilesUtils - Could not find an 'annotation declaring class' for annotation type [org.springframework.test.context.ActiveProfiles] and class [com.jojoldu.book.springboot.config.web.HelloControllerTest]
20:26:01.053 [Test worker] DEBUG org.springframework.context.annotation.ClassPathScanningCandidateComponentProvider - Identified candidate component class: file [/Users/jc/Documents/study/spring/jojoldu/build/classes/java/main/com/jojoldu/book/springboot/Application.class]
20:26:01.053 [Test worker] INFO org.springframework.boot.test.context.SpringBootTestContextBootstrapper - Found @SpringBootConfiguration com.jojoldu.book.springboot.Application for test class com.jojoldu.book.springboot.config.web.HelloControllerTest
20:26:01.054 [Test worker] DEBUG org.springframework.boot.test.autoconfigure.web.servlet.WebMvcTestContextBootstrapper - @TestExecutionListeners is not present for class [com.jojoldu.book.springboot.config.web.HelloControllerTest]: using defaults.
20:26:01.054 [Test worker] INFO org.springframework.boot.test.autoconfigure.web.servlet.WebMvcTestContextBootstrapper - Loaded default TestExecutionListener class names from location [META-INF/spring.factories]: [org.springframework.security.test.context.support.WithSecurityContextTestExecutionListener, org.springframework.security.test.context.support.ReactorContextTestExecutionListener, org.springframework.boot.test.autoconfigure.restdocs.RestDocsTestExecutionListener, org.springframework.boot.test.autoconfigure.web.client.MockRestServiceServerResetTestExecutionListener, org.springframework.boot.test.autoconfigure.web.servlet.MockMvcPrintOnlyOnFailureTestExecutionListener, org.springframework.boot.test.autoconfigure.web.servlet.WebDriverTestExecutionListener, org.springframework.boot.test.mock.mockito.MockitoTestExecutionListener, org.springframework.boot.test.mock.mockito.ResetMocksTestExecutionListener, org.springframework.test.context.web.ServletTestExecutionListener, org.springframework.test.context.support.DirtiesContextBeforeModesTestExecutionListener, org.springframework.test.context.support.DependencyInjectionTestExecutionListener, org.springframework.test.context.support.DirtiesContextTestExecutionListener, org.springframework.test.context.transaction.TransactionalTestExecutionListener, org.springframework.test.context.jdbc.SqlScriptsTestExecutionListener]
20:26:01.061 [Test worker] INFO org.springframework.boot.test.autoconfigure.web.servlet.WebMvcTestContextBootstrapper - Using TestExecutionListeners: [org.springframework.test.context.web.ServletTestExecutionListener@395e29bd, org.springframework.test.context.support.DirtiesContextBeforeModesTestExecutionListener@6c2608a6, org.springframework.boot.test.mock.mockito.MockitoTestExecutionListener@180b76d9, org.springframework.boot.test.autoconfigure.SpringBootDependencyInjectionTestExecutionListener@5532c037, org.springframework.test.context.support.DirtiesContextTestExecutionListener@1de918ed, org.springframework.test.context.transaction.TransactionalTestExecutionListener@415650ce, org.springframework.test.context.jdbc.SqlScriptsTestExecutionListener@2285b83, org.springframework.security.test.context.support.WithSecurityContextTestExecutionListener@41d80089, org.springframework.security.test.context.support.ReactorContextTestExecutionListener@1423562f, org.springframework.boot.test.autoconfigure.restdocs.RestDocsTestExecutionListener@6700b445, org.springframework.boot.test.autoconfigure.web.client.MockRestServiceServerResetTestExecutionListener@27340f65, org.springframework.boot.test.autoconfigure.web.servlet.MockMvcPrintOnlyOnFailureTestExecutionListener@26698f42, org.springframework.boot.test.autoconfigure.web.servlet.WebDriverTestExecutionListener@2875378e, org.springframework.boot.test.mock.mockito.ResetMocksTestExecutionListener@4ab51c59]
20:26:01.062 [Test worker] DEBUG org.springframework.test.annotation.ProfileValueUtils - Retrieved @ProfileValueSourceConfiguration [null] for test class [com.jojoldu.book.springboot.config.web.HelloControllerTest]
20:26:01.062 [Test worker] DEBUG org.springframework.test.annotation.ProfileValueUtils - Retrieved ProfileValueSource type [class org.springframework.test.annotation.SystemProfileValueSource] for class [com.jojoldu.book.springboot.config.web.HelloControllerTest]
20:26:01.062 [Test worker] DEBUG org.springframework.test.annotation.ProfileValueUtils - Retrieved @ProfileValueSourceConfiguration [null] for test class [com.jojoldu.book.springboot.config.web.HelloControllerTest]
20:26:01.062 [Test worker] DEBUG org.springframework.test.annotation.ProfileValueUtils - Retrieved ProfileValueSource type [class org.springframework.test.annotation.SystemProfileValueSource] for class [com.jojoldu.book.springboot.config.web.HelloControllerTest]
20:26:01.063 [Test worker] DEBUG org.springframework.test.context.support.AbstractDirtiesContextTestExecutionListener - Before test class: context [DefaultTestContext@62d04cd0 testClass = HelloControllerTest, testInstance = [null], testMethod = [null], testException = [null], mergedContextConfiguration = [WebMergedContextConfiguration@535463cb testClass = HelloControllerTest, locations = '{}', classes = '{class com.jojoldu.book.springboot.Application}', contextInitializerClasses = '[]', activeProfiles = '{}', propertySourceLocations = '{}', propertySourceProperties = '{org.springframework.boot.test.autoconfigure.web.servlet.WebMvcTestContextBootstrapper=true}', contextCustomizers = set[org.springframework.boot.test.autoconfigure.OverrideAutoConfigurationContextCustomizerFactory$DisableAutoConfigurationContextCustomizer@63083b8c, org.springframework.boot.test.autoconfigure.filter.TypeExcludeFiltersContextCustomizer@8aab1c66, org.springframework.boot.test.autoconfigure.properties.PropertyMappingContextCustomizer@42677d0, org.springframework.boot.test.autoconfigure.web.servlet.WebDriverContextCustomizerFactory$Customizer@43161987, [ImportsContextCustomizer@4933f7d2 key = [org.springframework.boot.autoconfigure.cache.CacheAutoConfiguration, org.springframework.boot.autoconfigure.context.MessageSourceAutoConfiguration, org.springframework.boot.autoconfigure.data.web.SpringDataWebAutoConfiguration, org.springframework.boot.autoconfigure.freemarker.FreeMarkerAutoConfiguration, org.springframework.boot.autoconfigure.groovy.template.GroovyTemplateAutoConfiguration, org.springframework.boot.autoconfigure.gson.GsonAutoConfiguration, org.springframework.boot.autoconfigure.hateoas.HypermediaAutoConfiguration, org.springframework.boot.autoconfigure.http.HttpMessageConvertersAutoConfiguration, org.springframework.boot.autoconfigure.jackson.JacksonAutoConfiguration, org.springframework.boot.autoconfigure.jsonb.JsonbAutoConfiguration, org.springframework.boot.autoconfigure.mustache.MustacheAutoConfiguration, org.springframework.boot.autoconfigure.task.TaskExecutionAutoConfiguration, org.springframework.boot.autoconfigure.thymeleaf.ThymeleafAutoConfiguration, org.springframework.boot.autoconfigure.validation.ValidationAutoConfiguration, org.springframework.boot.autoconfigure.web.servlet.error.ErrorMvcAutoConfiguration, org.springframework.boot.autoconfigure.web.servlet.WebMvcAutoConfiguration, org.springframework.boot.test.autoconfigure.web.servlet.MockMvcAutoConfiguration, org.springframework.boot.test.autoconfigure.web.servlet.MockMvcSecurityAutoConfiguration, org.springframework.boot.test.autoconfigure.web.servlet.MockMvcWebClientAutoConfiguration, org.springframework.boot.test.autoconfigure.web.servlet.MockMvcWebDriverAutoConfiguration]], org.springframework.boot.test.context.filter.ExcludeFilterContextCustomizer@329f8cc3, org.springframework.boot.test.json.DuplicateJsonObjectContextCustomizerFactory$DuplicateJsonObjectContextCustomizer@45b15209, org.springframework.boot.test.mock.mockito.MockitoContextCustomizer@0], resourceBasePath = 'src/main/webapp', contextLoader = 'org.springframework.boot.test.context.SpringBootContextLoader', parent = [null]], attributes = map[[empty]]], class annotated with @DirtiesContext [false] with mode [null].
20:26:01.064 [Test worker] DEBUG org.springframework.test.annotation.ProfileValueUtils - Retrieved @ProfileValueSourceConfiguration [null] for test class [com.jojoldu.book.springboot.config.web.HelloControllerTest]
20:26:01.064 [Test worker] DEBUG org.springframework.test.annotation.ProfileValueUtils - Retrieved ProfileValueSource type [class org.springframework.test.annotation.SystemProfileValueSource] for class [com.jojoldu.book.springboot.config.web.HelloControllerTest]
20:26:01.066 [Test worker] DEBUG org.springframework.test.context.support.DependencyInjectionTestExecutionListener - Performing dependency injection for test context [[DefaultTestContext@62d04cd0 testClass = HelloControllerTest, testInstance = com.jojoldu.book.springboot.config.web.HelloControllerTest@2fc4acf2, testMethod = [null], testException = [null], mergedContextConfiguration = [WebMergedContextConfiguration@535463cb testClass = HelloControllerTest, locations = '{}', classes = '{class com.jojoldu.book.springboot.Application}', contextInitializerClasses = '[]', activeProfiles = '{}', propertySourceLocations = '{}', propertySourceProperties = '{org.springframework.boot.test.autoconfigure.web.servlet.WebMvcTestContextBootstrapper=true}', contextCustomizers = set[org.springframework.boot.test.autoconfigure.OverrideAutoConfigurationContextCustomizerFactory$DisableAutoConfigurationContextCustomizer@63083b8c, org.springframework.boot.test.autoconfigure.filter.TypeExcludeFiltersContextCustomizer@8aab1c66, org.springframework.boot.test.autoconfigure.properties.PropertyMappingContextCustomizer@42677d0, org.springframework.boot.test.autoconfigure.web.servlet.WebDriverContextCustomizerFactory$Customizer@43161987, [ImportsContextCustomizer@4933f7d2 key = [org.springframework.boot.autoconfigure.cache.CacheAutoConfiguration, org.springframework.boot.autoconfigure.context.MessageSourceAutoConfiguration, org.springframework.boot.autoconfigure.data.web.SpringDataWebAutoConfiguration, org.springframework.boot.autoconfigure.freemarker.FreeMarkerAutoConfiguration, org.springframework.boot.autoconfigure.groovy.template.GroovyTemplateAutoConfiguration, org.springframework.boot.autoconfigure.gson.GsonAutoConfiguration, org.springframework.boot.autoconfigure.hateoas.HypermediaAutoConfiguration, org.springframework.boot.autoconfigure.http.HttpMessageConvertersAutoConfiguration, org.springframework.boot.autoconfigure.jackson.JacksonAutoConfiguration, org.springframework.boot.autoconfigure.jsonb.JsonbAutoConfiguration, org.springframework.boot.autoconfigure.mustache.MustacheAutoConfiguration, org.springframework.boot.autoconfigure.task.TaskExecutionAutoConfiguration, org.springframework.boot.autoconfigure.thymeleaf.ThymeleafAutoConfiguration, org.springframework.boot.autoconfigure.validation.ValidationAutoConfiguration, org.springframework.boot.autoconfigure.web.servlet.error.ErrorMvcAutoConfiguration, org.springframework.boot.autoconfigure.web.servlet.WebMvcAutoConfiguration, org.springframework.boot.test.autoconfigure.web.servlet.MockMvcAutoConfiguration, org.springframework.boot.test.autoconfigure.web.servlet.MockMvcSecurityAutoConfiguration, org.springframework.boot.test.autoconfigure.web.servlet.MockMvcWebClientAutoConfiguration, org.springframework.boot.test.autoconfigure.web.servlet.MockMvcWebDriverAutoConfiguration]], org.springframework.boot.test.context.filter.ExcludeFilterContextCustomizer@329f8cc3, org.springframework.boot.test.json.DuplicateJsonObjectContextCustomizerFactory$DuplicateJsonObjectContextCustomizer@45b15209, org.springframework.boot.test.mock.mockito.MockitoContextCustomizer@0], resourceBasePath = 'src/main/webapp', contextLoader = 'org.springframework.boot.test.context.SpringBootContextLoader', parent = [null]], attributes = map[[empty]]]].
20:26:01.112 [Test worker] DEBUG org.springframework.test.context.support.TestPropertySourceUtils - Adding inlined properties to environment: {spring.jmx.enabled=false, org.springframework.boot.test.autoconfigure.web.servlet.WebMvcTestContextBootstrapper=true, server.port=-1}

  .   ____          _            __ _ _
 /\\ / ___'_ __ _ _(_)_ __  __ _ \ \ \ \
( ( )\___ | '_ | '_| | '_ \/ _` | \ \ \ \
 \\/  ___)| |_)| | | | | || (_| |  ) ) ) )
  '  |____| .__|_| |_|_| |_\__, | / / / /
 =========|_|==============|___/=/_/_/_/
 :: Spring Boot ::        (v2.1.7.RELEASE)

2022-04-14 20:26:01.220  INFO 7343 --- [    Test worker] c.j.b.s.config.web.HelloControllerTest   : Starting HelloControllerTest on JCui-Macmini.local with PID 7343 (started by jc in /Users/jc/Documents/study/spring/jojoldu)
2022-04-14 20:26:01.222  INFO 7343 --- [    Test worker] c.j.b.s.config.web.HelloControllerTest   : No active profile set, falling back to default profiles: default
2022-04-14 20:26:01.911  INFO 7343 --- [    Test worker] o.s.s.concurrent.ThreadPoolTaskExecutor  : Initializing ExecutorService 'applicationTaskExecutor'
2022-04-14 20:26:01.981  INFO 7343 --- [    Test worker] o.s.b.a.w.s.WelcomePageHandlerMapping    : Adding welcome page template: index
2022-04-14 20:26:02.259  INFO 7343 --- [    Test worker] .s.s.UserDetailsServiceAutoConfiguration : 

Using generated security password: a6197381-f554-4369-a968-2fa0b5cafdfb

2022-04-14 20:26:02.364  INFO 7343 --- [    Test worker] o.s.s.web.DefaultSecurityFilterChain     : Creating filter chain: any request, [org.springframework.security.web.context.request.async.WebAsyncManagerIntegrationFilter@7948a1d3, org.springframework.security.web.context.SecurityContextPersistenceFilter@f5aa57c, org.springframework.security.web.header.HeaderWriterFilter@60cf2352, org.springframework.security.web.csrf.CsrfFilter@61b9266e, org.springframework.security.web.authentication.logout.LogoutFilter@3073ce85, org.springframework.security.web.authentication.UsernamePasswordAuthenticationFilter@4663af22, org.springframework.security.web.authentication.ui.DefaultLoginPageGeneratingFilter@33dee4e5, org.springframework.security.web.authentication.ui.DefaultLogoutPageGeneratingFilter@722b4145, org.springframework.security.web.authentication.www.BasicAuthenticationFilter@5f9510c, org.springframework.security.web.savedrequest.RequestCacheAwareFilter@45a2ff29, org.springframework.security.web.servletapi.SecurityContextHolderAwareRequestFilter@3fbc05d6, org.springframework.security.web.authentication.AnonymousAuthenticationFilter@7d46470c, org.springframework.security.web.session.SessionManagementFilter@5e550e36, org.springframework.security.web.access.ExceptionTranslationFilter@432148f9, org.springframework.security.web.access.intercept.FilterSecurityInterceptor@49246027]
2022-04-14 20:26:02.397  INFO 7343 --- [    Test worker] o.s.b.t.m.w.SpringBootMockServletContext : Initializing Spring TestDispatcherServlet ''
2022-04-14 20:26:02.397  INFO 7343 --- [    Test worker] o.s.t.web.servlet.TestDispatcherServlet  : Initializing Servlet ''
2022-04-14 20:26:02.404  INFO 7343 --- [    Test worker] o.s.t.web.servlet.TestDispatcherServlet  : Completed initialization in 7 ms
2022-04-14 20:26:02.436  INFO 7343 --- [    Test worker] c.j.b.s.config.web.HelloControllerTest   : Started HelloControllerTest in 1.32 seconds (JVM running for 1.735)
]]></system-out>
  <system-err><![CDATA[]]></system-err>
</testsuite>
